2024-08-29 17:13:33 [info]: Database connected successfully.
2024-08-29 17:13:52 [info]: User already exists with email: samrat@gmail.com
2024-08-29 17:35:01 [info]: Database connected successfully.
2024-08-29 17:41:23 [info]: Database connected successfully.
2024-08-29 17:44:07 [info]: Database connected successfully.
2024-08-29 18:22:01 [info]: Database connected successfully.
2024-08-29 18:23:33 [info]: Database connected successfully.
2024-08-29 18:33:49 [info]: Database connected successfully.
2024-09-03 16:48:44 [info]: Database connected successfully.
2024-09-03 16:54:01 [info]: Database connected successfully.
2024-09-03 16:54:25 [info]: User already exists with email: samrat@gmail.com
2024-09-03 16:54:46 [info]: User already exists with email: yogesh@gmail.com
2024-09-03 16:54:58 [info]: New user registered with ID: 3
2024-09-04 16:25:19 [info]: Database connected successfully.
2024-09-04 16:27:14 [info]: Database connected successfully.
2024-09-04 16:28:10 [error]: Error registering user: Validation error
2024-09-04 16:29:06 [error]: Error registering user: Validation error
2024-09-04 16:29:57 [info]: Database connected successfully.
2024-09-04 16:30:07 [error]: Error registering user: Validation error
2024-09-04 16:34:03 [error]: Error registering user: Validation error
2024-09-04 16:36:07 [error]: Error registering user: Validation error
2024-09-04 16:36:29 [info]: Database connected successfully.
2024-09-04 16:36:53 [error]: Error registering user: Validation error
2024-09-04 16:38:46 [error]: Error registering user: Validation error
2024-09-04 16:39:32 [error]: Error registering user: Validation error
2024-09-04 16:40:25 [info]: Database connected successfully.
2024-09-04 16:40:30 [error]: Error registering user: Validation error
2024-09-04 16:44:13 [info]: Database connected successfully.
2024-09-04 16:44:20 [error]: Error registering user: Validation error
2024-09-04 16:48:07 [info]: Database connected successfully.
2024-09-04 16:48:25 [info]: Database connected successfully.
2024-09-04 16:49:07 [info]: Database connected successfully.
2024-09-04 16:52:42 [info]: Database connected successfully.
2024-09-04 16:55:28 [info]: Database connected successfully.
2024-09-04 16:59:02 [info]: Database connected successfully.
2024-09-04 17:00:20 [info]: Database connected successfully.
2024-09-04 17:01:32 [info]: Database connected successfully.
2024-09-04 17:01:54 [info]: Database connected successfully.
2024-09-04 17:04:45 [info]: Database connected successfully.
2024-09-04 17:04:51 [error]: Error registering user: Validation error
2024-09-04 17:06:24 [info]: New user registered with ID: 15
2024-09-04 17:07:37 [info]: Database connected successfully.
2024-09-04 17:07:41 [info]: New user registered with ID: 16
2024-09-04 17:57:57 [info]: New user registered with ID: 17
2024-09-04 17:58:09 [info]: User already exists with email: samyog@gmail.com
2024-09-04 17:58:39 [info]: New user registered with ID: 18
2024-09-04 17:59:12 [info]: User already exists with email: samyogesh@gmail.com
2024-09-04 17:59:27 [info]: New user registered with ID: 19
2024-09-04 18:00:34 [info]: New user registered with ID: 20
2024-09-04 18:01:49 [info]: New user registered with ID: 21
2024-09-04 18:05:23 [info]: User already exists with email: yogi331@gmail.com
2024-09-04 18:08:14 [info]: New user registered with ID: 22
2024-09-04 18:11:21 [info]: Database connected successfully.
2024-09-04 18:11:47 [info]: New user registered with ID: 23
2024-09-04 18:15:12 [info]: Database connected successfully.
2024-09-04 18:15:29 [info]: New user registered with ID: 24
2024-09-04 18:23:42 [info]: Database connected successfully.
2024-09-04 18:27:18 [info]: New user registered with ID: 25
2024-09-04 18:28:23 [info]: Database connected successfully.
2024-09-04 18:28:43 [info]: New user registered with ID: 26
2024-09-04 18:29:00 [info]: User already exists with email: yogeshqq@gmail.com
2024-09-04 18:29:12 [info]: New user registered with ID: 27
2024-09-04 18:31:22 [info]: User already exists with email: yogeshrr@gmail.com
2024-09-04 18:32:19 [info]: Database connected successfully.
2024-09-04 18:34:51 [info]: New user registered with ID: 28
2024-09-04 18:35:55 [info]: Database connected successfully.
2024-09-04 18:38:35 [info]: New user registered with ID: 29
2024-09-04 19:52:52 [info]: New user registered with ID: 30
2024-09-04 19:53:31 [info]: New user registered with ID: 31
2024-09-04 19:54:52 [info]: New user registered with ID: 32
2024-09-04 19:55:42 [info]: New user registered with ID: 33
2024-09-04 19:55:51 [info]: User already exists with email: yogiyasha3@gmail.com
2024-09-04 20:00:52 [info]: Database connected successfully.
2024-09-04 20:01:48 [info]: New user registered with ID: 34
2024-09-04 20:02:26 [info]: Database connected successfully.
2024-09-04 20:03:19 [info]: New user registered with ID: 35
2024-09-04 20:06:19 [info]: New user registered with ID: 36
2024-09-04 20:08:55 [info]: New user registered with ID: 37
2024-09-04 20:11:39 [info]: Database connected successfully.
2024-09-04 20:14:24 [info]: Database connected successfully.
2024-09-04 20:14:55 [info]: New user registered with ID: 38
2024-09-04 20:18:17 [info]: New user registered with ID: 39
2024-09-04 20:22:07 [info]: New user registered with ID: 40
2024-09-04 20:37:00 [info]: New user registered with ID: 41
2024-09-04 20:43:53 [info]: New user registered with ID: 42
2024-09-04 21:37:19 [error]: Error registering user: Validation error
2024-09-04 21:38:05 [error]: Error registering user: Validation error
2024-09-04 21:39:43 [info]: User already exists with email: yogesh@gmail.com
2024-09-04 21:45:20 [error]: Error registering user: relation "Users" does not exist
2024-09-04 21:45:29 [error]: Error registering user: relation "Users" does not exist
2024-09-04 21:45:49 [info]: Database connected successfully.
2024-09-04 21:45:57 [info]: New user registered with ID: 1
2024-09-04 21:48:33 [info]: New user registered with ID: 2
2024-09-04 21:54:01 [info]: Database connected successfully.
2024-09-04 22:48:35 [info]: Database connected successfully.
2024-09-04 22:50:07 [info]: New user registered with ID: 3
2024-09-04 22:54:05 [info]: New user registered with ID: 4
2024-09-04 23:00:18 [info]: Profile retrieved for user ID: 2
2024-09-04 23:09:27 [info]: Database connected successfully.
2024-09-04 23:12:15 [info]: New user registered with ID: 5
2024-09-04 23:13:29 [info]: New user registered with ID: 6
2024-09-04 23:16:32 [info]: Profile retrieved for user ID: 6
2024-09-05 13:26:34 [info]: Database connected successfully.
2024-09-05 13:54:37 [warn]: Failed login attempt with non-existent email: yogeshaa@gmail.com
2024-09-05 13:55:04 [warn]: Invalid password attempt for email: Yogeshaa@gmail.com
2024-09-05 13:55:46 [info]: Profile retrieved for user ID: 6
2024-09-05 14:02:25 [info]: Database connected successfully.
2024-09-05 14:03:12 [error]: Error registering user: invalid input syntax for type integer: "9bb13996-3bcd-4e6b-b095-b8b2ef0bfabf"
2024-09-05 14:03:40 [error]: Error registering user: relation "Users" does not exist
2024-09-05 14:03:55 [info]: Database connected successfully.
2024-09-05 14:04:03 [info]: New user registered with ID: 9c99d69e-de5e-4cd2-8610-6d33f5ce856f
2024-09-05 14:05:00 [info]: Profile retrieved for user ID: 9c99d69e-de5e-4cd2-8610-6d33f5ce856f
2024-09-05 17:29:52 [info]: Database connected successfully.
2024-09-05 19:22:59 [info]: Database connected successfully.
2024-09-05 21:21:32 [info]: New user registered with ID: 310cb015-dede-4a30-b10a-b197cfe00f7c
2024-09-05 22:29:36 [info]: New user registered with ID: 1ba61b8e-bb39-48b8-a079-a7311cfef8bb
2024-09-05 22:37:22 [warn]: Invalid password attempt for email: Pratisha@gmail.com
2024-09-05 22:59:49 [error]: Error registering user: connect ETIMEDOUT 127.0.0.1:5432
2024-09-05 23:00:40 [error]: Error registering user: connect ETIMEDOUT 127.0.0.1:5432
2024-09-05 23:00:53 [error]: Error registering user: connect ETIMEDOUT 127.0.0.1:5432
2024-09-05 23:01:43 [error]: Error registering user: connect ETIMEDOUT 127.0.0.1:5432
2024-09-05 23:15:39 [info]: Database connected successfully.
2024-09-05 23:16:56 [info]: New user registered with ID: bd6bbaa3-21ac-4859-b696-5c16297844c6
2024-09-05 23:17:22 [warn]: Invalid password attempt for email: monica@gmail.com
2024-09-05 23:17:30 [warn]: Invalid password attempt for email: monica@gmail.com
2024-09-05 23:17:42 [warn]: Invalid password attempt for email: monica@gmail.com
2024-09-05 23:21:48 [warn]: Invalid password attempt for email: monica@gmail.com
2024-09-05 23:22:01 [warn]: Invalid password attempt for email: monica@gmail.com
2024-09-05 23:22:25 [warn]: Invalid password attempt for email: monica@gmail.com
2024-09-05 23:25:38 [info]: New user registered with ID: ee7e428d-2726-4f2c-9e90-ab8febdb0159
2024-09-05 23:29:42 [warn]: Invalid password attempt for email: monica@gmail.com
2024-09-05 23:30:53 [info]: Profile retrieved for user ID: ee7e428d-2726-4f2c-9e90-ab8febdb0159
2024-09-05 23:49:48 [info]: Database connected successfully.
2024-09-06 00:30:18 [info]: Database connected successfully.
2024-09-06 00:31:08 [info]: Database connected successfully.
2024-09-06 11:06:18 [info]: Database connected successfully.
2024-09-06 12:17:46 [warn]: Invalid password attempt for email: Pratisha@gmail.com
2024-09-06 12:18:31 [warn]: Invalid password attempt for email: triveni@gmail.com
2024-09-06 13:23:50 [info]: Database connected successfully.
2024-09-06 13:24:56 [info]: New user registered with ID: 0dd12ecf-e8b6-4cfb-866c-953a36348891
2024-09-06 13:59:02 [warn]: Invalid password attempt for email: Yogesh@gmail.com
2024-09-06 14:26:10 [info]: New user registered with ID: e717be02-a27d-4c2f-b684-477eecbf5bdd
2024-09-06 14:59:28 [info]: New user registered with ID: 17fa6209-ef94-4514-ad5e-872127d5632f
2024-09-06 15:00:07 [warn]: Failed login attempt with non-existent email: Yogeshr@gmail.com
2024-09-06 15:12:15 [error]: Error registering user: Validation error
2024-09-06 15:12:30 [error]: Error registering user: Validation error
2024-09-06 15:12:35 [info]: New user registered with ID: 2aebc707-2305-488d-8d87-626942839d63
2024-09-06 15:18:39 [info]: New user registered with ID: 375d34ca-28e8-4d3a-9344-c3a6b4fcce44
2024-09-06 15:41:31 [info]: New user registered with ID: df6c9f3a-9480-4e2a-bf1e-36f26fb0b611
2024-09-06 15:41:57 [warn]: Invalid password attempt for email: Yogesh@gmail.com
2024-09-06 16:01:12 [info]: New user registered with ID: a1583b45-c18e-4f36-944c-b5a29993d1a8
2024-09-06 16:01:33 [warn]: Invalid password attempt for email: Yogesh@gmail.com
2024-09-09 15:23:52 [info]: Database connected successfully.
2024-09-09 15:26:37 [info]: New user registered with ID: 5184aa5e-40da-45d2-b192-2ab621c5da25
2024-09-09 15:55:16 [info]: Database connected successfully.
2024-09-09 18:17:59 [info]: New user registered with ID: faf363ea-4e23-4d74-aadb-38d434bf83aa
2024-09-09 18:44:46 [info]: Profile retrieved for user ID: faf363ea-4e23-4d74-aadb-38d434bf83aa
2024-09-10 00:03:22 [info]: Database connected successfully.
2024-09-10 11:18:25 [info]: Database connected successfully.
2024-09-10 11:24:54 [info]: New user registered with ID: 90179a1f-a6d1-4f3f-82f9-441515016874
2024-09-10 11:39:35 [info]: New user registered with ID: 4e01432e-ad54-42ac-a64a-570e23fa9341
2024-09-10 14:16:17 [warn]: Invalid password attempt for email: samrat@gmail.com
2024-09-10 21:46:28 [info]: Database connected successfully.
2024-09-10 21:51:37 [info]: Database connected successfully.
2024-09-10 21:52:41 [info]: Database connected successfully.
2024-09-10 21:53:16 [info]: Database connected successfully.
2024-09-10 21:54:16 [info]: Database connected successfully.
2024-09-10 21:55:05 [info]: Database connected successfully.
2024-09-10 21:55:28 [info]: Database connected successfully.
2024-09-10 21:57:06 [info]: Database connected successfully.
2024-09-10 21:57:36 [info]: Database connected successfully.
2024-09-10 22:00:01 [info]: Database connected successfully.
2024-09-10 22:03:01 [info]: Database connected successfully.
2024-09-10 22:03:45 [info]: Database connected successfully.
2024-09-10 22:04:36 [info]: Database connected successfully.
2024-09-10 22:06:09 [info]: Database connected successfully.
2024-09-10 22:06:47 [info]: Database connected successfully.
2024-09-10 22:13:58 [info]: Database connected successfully.
2024-09-10 22:15:06 [info]: Database connected successfully.
2024-09-10 22:17:30 [info]: Database connected successfully.
2024-09-11 10:42:16 [info]: Database connected successfully.
2024-09-11 11:34:28 [info]: Database connected successfully.
2024-09-11 11:35:16 [info]: Database connected successfully.
2024-09-11 11:35:58 [info]: Database connected successfully.
2024-09-11 12:03:19 [info]: Database connected successfully.
2024-09-11 12:07:45 [info]: Database connected successfully.
2024-09-11 12:39:03 [info]: Database connected successfully.
2024-09-11 12:46:42 [info]: Database connected successfully.
2024-09-11 14:44:19 [info]: Database connected successfully.
2024-09-11 14:52:19 [info]: Database connected successfully.
2024-09-11 14:57:13 [info]: Database connected successfully.
2024-09-11 14:58:49 [info]: Database connected successfully.
2024-09-11 15:21:05 [info]: Database connected successfully.
2024-09-12 12:26:38 [info]: New user registered with ID: 27855d21-ef3d-460e-8710-2f6d2d7607ec
2024-09-12 13:29:54 [info]: Database connected successfully.
2024-09-12 13:54:52 [info]: Database connected successfully.
2024-09-12 18:13:10 [info]: Database connected successfully.
2024-09-12 18:29:13 [info]: Database connected successfully.
2024-09-12 18:31:55 [info]: Database connected successfully.
2024-09-12 18:37:28 [info]: Database connected successfully.
2024-09-12 18:38:34 [info]: Database connected successfully.
2024-09-12 18:58:36 [info]: Database connected successfully.
2024-09-12 19:03:50 [info]: Database connected successfully.
2024-09-12 19:07:31 [info]: Database connected successfully.
2024-09-12 19:57:45 [info]: Database connected successfully.
2024-09-12 19:58:58 [info]: Database connected successfully.
2024-09-12 20:04:26 [info]: Database connected successfully.
2024-09-12 20:07:12 [info]: Database connected successfully.
2024-09-12 20:10:31 [info]: Database connected successfully.
2024-09-13 12:20:03 [info]: Database connected successfully.
2024-09-13 16:19:39 [info]: Database connected successfully.
2024-09-13 16:30:45 [warn]: Failed login attempt with non-existent email: amrat@gmail.com
2024-09-13 17:38:47 [info]: Database connected successfully.
2024-09-13 17:39:49 [info]: Database connected successfully.
2024-09-13 17:40:05 [info]: Database connected successfully.
2024-09-13 17:41:36 [info]: Database connected successfully.
2024-09-13 17:42:40 [info]: Database connected successfully.
2024-09-13 17:45:29 [info]: Database connected successfully.
2024-09-13 17:46:35 [info]: Database connected successfully.
2024-09-13 17:47:07 [info]: Database connected successfully.
2024-09-13 17:48:04 [info]: Database connected successfully.
2024-09-13 17:59:35 [info]: Database connected successfully.
2024-09-13 18:00:11 [info]: Database connected successfully.
2024-09-13 18:00:19 [info]: Database connected successfully.
2024-09-13 18:04:33 [info]: Database connected successfully.
2024-09-13 18:06:28 [info]: Database connected successfully.
2024-09-13 18:07:42 [warn]: Failed login attempt with non-existent email: samrat@gmial.com
2024-09-13 19:56:45 [info]: Database connected successfully.
2024-09-13 19:56:51 [warn]: Invalid password attempt for email: samrat@gmail.com
2024-09-13 19:58:01 [warn]: Failed login attempt with non-existent email: ganesh@gmail.com
2024-09-13 19:58:10 [warn]: Invalid password attempt for email: Ganesh@gmail.com
2024-09-13 19:58:26 [warn]: Invalid password attempt for email: Ganesh@gmail.com
2024-09-13 19:58:37 [warn]: Invalid password attempt for email: Ganesh@gmail.com
2024-09-13 19:58:44 [warn]: Invalid password attempt for email: Ganesh@gmail.com
2024-09-14 16:49:03 [info]: Database connected successfully.
2024-09-14 16:56:05 [info]: Database connected successfully.
2024-09-14 16:57:09 [warn]: Failed login attempt with non-existent email: samrar@gmail.com
2024-09-14 17:10:26 [info]: Database connected successfully.
2024-09-14 20:00:42 [info]: Database connected successfully.
2024-09-14 22:23:09 [info]: Database connected successfully.
2024-09-14 22:27:41 [info]: Database connected successfully.
2024-09-14 22:29:20 [info]: Database connected successfully.
2024-09-14 22:31:52 [info]: Database connected successfully.
2024-09-14 22:35:07 [info]: Database connected successfully.
2024-09-16 13:22:27 [info]: Database connected successfully.
2024-09-16 13:32:33 [info]: Database connected successfully.
2024-09-16 13:35:05 [info]: Database connected successfully.
2024-09-16 13:54:50 [info]: Database connected successfully.
2024-09-16 14:04:22 [info]: Database connected successfully.
2024-09-16 14:06:49 [info]: Database connected successfully.
2024-09-16 14:07:15 [info]: Database connected successfully.
2024-09-16 14:22:47 [info]: Database connected successfully.
2024-09-17 13:11:31 [info]: Database connected successfully.
2024-09-17 14:39:18 [info]: New user registered with ID: fff75ec0-dddd-4a8c-a06d-467ca0cb287e
2024-09-18 17:49:54 [info]: Database connected successfully.
2024-09-18 17:50:37 [warn]: Invalid password attempt for email: samrat@gmail.com
2024-09-18 18:05:13 [info]: Database connected successfully.
2024-09-20 11:53:35 [warn]: Failed login attempt with non-existent email: vishal@gmil.com
2024-09-20 11:53:48 [warn]: Failed login attempt with non-existent email: vishal@gmil.com
2024-09-20 11:53:56 [warn]: Failed login attempt with non-existent email: vishal@gmil.com
2024-09-20 16:28:54 [info]: Database connected successfully.
2024-09-20 16:32:21 [info]: Database connected successfully.
2024-09-20 16:36:50 [info]: Database connected successfully.
2024-09-20 16:37:41 [info]: Database connected successfully.
2024-09-20 16:40:26 [info]: Database connected successfully.
2024-09-20 16:52:33 [info]: Database connected successfully.
2024-09-20 16:53:16 [info]: Database connected successfully.
2024-09-20 16:54:07 [info]: Database connected successfully.
2024-09-20 16:54:10 [error]: Error registering user: agent is not defined
2024-09-20 16:55:19 [info]: Database connected successfully.
2024-09-20 16:55:23 [info]: User has been modified ID: faf363ea-4e23-4d74-aadb-38d434bf83aa
2024-09-20 16:55:49 [info]: User has been modified ID: faf363ea-4e23-4d74-aadb-38d434bf83aa
2024-09-20 17:36:53 [info]: Database connected successfully.
2024-09-20 17:36:58 [info]: User has been modified ID: 4e01432e-ad54-42ac-a64a-570e23fa9341
2024-09-20 17:38:57 [info]: Database connected successfully.
2024-09-20 17:53:09 [info]: User has been modified ID: 4e01432e-ad54-42ac-a64a-570e23fa9341
2024-09-20 17:58:40 [info]: User has been modified ID: 4e01432e-ad54-42ac-a64a-570e23fa9341
2024-09-20 18:11:27 [info]: User has been modified ID: 4e01432e-ad54-42ac-a64a-570e23fa9341
2024-09-20 18:11:47 [info]: User has been modified ID: 4e01432e-ad54-42ac-a64a-570e23fa9341
2024-09-20 18:12:57 [info]: Database connected successfully.
2024-09-20 18:13:00 [info]: User has been modified ID: 4e01432e-ad54-42ac-a64a-570e23fa9341
2024-09-20 18:44:55 [info]: User has been modified ID: 4e01432e-ad54-42ac-a64a-570e23fa9341
2024-09-20 18:45:15 [info]: User has been modified ID: faf363ea-4e23-4d74-aadb-38d434bf83aa
2024-09-20 19:00:24 [info]: User has been modified ID: fff75ec0-dddd-4a8c-a06d-467ca0cb287e
2024-09-20 19:00:26 [info]: User has been modified ID: 4e01432e-ad54-42ac-a64a-570e23fa9341
2024-09-20 19:04:27 [info]: User has been modified ID: fff75ec0-dddd-4a8c-a06d-467ca0cb287e
2024-09-20 19:04:35 [info]: User has been modified ID: fff75ec0-dddd-4a8c-a06d-467ca0cb287e
2024-09-20 19:07:24 [info]: User has been modified ID: fff75ec0-dddd-4a8c-a06d-467ca0cb287e
2024-09-20 19:10:20 [info]: User has been modified ID: fff75ec0-dddd-4a8c-a06d-467ca0cb287e
2024-09-20 19:25:58 [info]: User has been modified ID: faf363ea-4e23-4d74-aadb-38d434bf83aa
2024-09-20 19:33:21 [info]: User has been modified ID: faf363ea-4e23-4d74-aadb-38d434bf83aa
2024-09-20 19:43:54 [info]: New user registered with ID: 4cb64967-0a36-42f4-abdc-43378482dbc5
2024-09-20 19:47:18 [warn]: Invalid password attempt for email: vishal@gmail.com
2024-09-20 22:27:03 [info]: Database connected successfully.
2024-09-20 22:39:47 [info]: Profile retrieved for user ID: 90179a1f-a6d1-4f3f-82f9-441515016874
2024-09-20 22:39:47 [info]: Profile retrieved for user ID: 90179a1f-a6d1-4f3f-82f9-441515016874
2024-09-20 22:42:02 [info]: Profile retrieved for user ID: 90179a1f-a6d1-4f3f-82f9-441515016874
2024-09-20 22:43:11 [info]: Profile retrieved for user ID: 27855d21-ef3d-460e-8710-2f6d2d7607ec
2024-09-20 22:48:08 [info]: Profile retrieved for user ID: 27855d21-ef3d-460e-8710-2f6d2d7607ec
2024-09-20 22:48:08 [info]: Profile retrieved for user ID: 27855d21-ef3d-460e-8710-2f6d2d7607ec
2024-09-20 22:49:18 [info]: Profile retrieved for user ID: 27855d21-ef3d-460e-8710-2f6d2d7607ec
2024-09-20 22:49:24 [info]: Profile retrieved for user ID: 90179a1f-a6d1-4f3f-82f9-441515016874
2024-09-20 22:49:24 [info]: Profile retrieved for user ID: 90179a1f-a6d1-4f3f-82f9-441515016874
2024-09-20 22:49:56 [info]: Profile retrieved for user ID: 27855d21-ef3d-460e-8710-2f6d2d7607ec
2024-09-20 22:50:02 [info]: Profile retrieved for user ID: 27855d21-ef3d-460e-8710-2f6d2d7607ec
2024-09-20 22:50:18 [info]: Profile retrieved for user ID: 27855d21-ef3d-460e-8710-2f6d2d7607ec
2024-09-20 22:50:29 [info]: Profile retrieved for user ID: 27855d21-ef3d-460e-8710-2f6d2d7607ec
2024-09-20 22:50:29 [info]: Profile retrieved for user ID: 27855d21-ef3d-460e-8710-2f6d2d7607ec
2024-09-20 22:52:47 [info]: Profile retrieved for user ID: 27855d21-ef3d-460e-8710-2f6d2d7607ec
2024-09-20 22:52:47 [info]: Profile retrieved for user ID: 27855d21-ef3d-460e-8710-2f6d2d7607ec
2024-09-20 22:53:16 [info]: Profile retrieved for user ID: 27855d21-ef3d-460e-8710-2f6d2d7607ec
2024-09-20 22:54:19 [info]: Profile retrieved for user ID: 27855d21-ef3d-460e-8710-2f6d2d7607ec
2024-09-20 22:54:33 [info]: Profile retrieved for user ID: 27855d21-ef3d-460e-8710-2f6d2d7607ec
2024-09-20 22:56:14 [info]: Profile retrieved for user ID: 27855d21-ef3d-460e-8710-2f6d2d7607ec
2024-09-20 22:56:14 [info]: Profile retrieved for user ID: 27855d21-ef3d-460e-8710-2f6d2d7607ec
2024-09-20 22:56:29 [info]: Profile retrieved for user ID: 27855d21-ef3d-460e-8710-2f6d2d7607ec
2024-09-20 23:08:29 [info]: Profile retrieved for user ID: 27855d21-ef3d-460e-8710-2f6d2d7607ec
2024-09-20 23:08:29 [info]: Profile retrieved for user ID: 27855d21-ef3d-460e-8710-2f6d2d7607ec
2024-09-20 23:34:20 [info]: New user registered with ID: 16a16f33-194c-45a6-95e7-8e98e5f7fd47
2024-09-20 23:37:40 [info]: Profile retrieved for user ID: 90179a1f-a6d1-4f3f-82f9-441515016874
2024-09-20 23:37:40 [info]: Profile retrieved for user ID: 90179a1f-a6d1-4f3f-82f9-441515016874
2024-09-20 23:38:12 [info]: User has been modified ID: 16a16f33-194c-45a6-95e7-8e98e5f7fd47
2024-09-20 23:38:12 [info]: Profile retrieved for user ID: 90179a1f-a6d1-4f3f-82f9-441515016874
2024-09-20 23:38:59 [warn]: Invalid password attempt for email: pratiksha@gmail.com
2024-09-20 23:39:11 [info]: Profile retrieved for user ID: 16a16f33-194c-45a6-95e7-8e98e5f7fd47
2024-09-20 23:39:11 [info]: Profile retrieved for user ID: 16a16f33-194c-45a6-95e7-8e98e5f7fd47
2024-09-20 23:43:52 [info]: Profile retrieved for user ID: 16a16f33-194c-45a6-95e7-8e98e5f7fd47
2024-09-20 23:43:52 [info]: Profile retrieved for user ID: 16a16f33-194c-45a6-95e7-8e98e5f7fd47
2024-09-20 23:44:37 [info]: Profile retrieved for user ID: 90179a1f-a6d1-4f3f-82f9-441515016874
2024-09-20 23:44:37 [info]: Profile retrieved for user ID: 90179a1f-a6d1-4f3f-82f9-441515016874
2024-09-20 23:44:49 [info]: User has been modified ID: 16a16f33-194c-45a6-95e7-8e98e5f7fd47
2024-09-20 23:44:49 [info]: Profile retrieved for user ID: 90179a1f-a6d1-4f3f-82f9-441515016874
2024-09-20 23:45:05 [info]: User has been modified ID: 16a16f33-194c-45a6-95e7-8e98e5f7fd47
2024-09-20 23:45:05 [info]: Profile retrieved for user ID: 90179a1f-a6d1-4f3f-82f9-441515016874
2024-09-20 23:46:05 [warn]: Invalid password attempt for email: testdata@gmail.com
2024-09-20 23:48:18 [info]: Profile retrieved for user ID: 16a16f33-194c-45a6-95e7-8e98e5f7fd47
2024-09-20 23:48:18 [info]: Profile retrieved for user ID: 16a16f33-194c-45a6-95e7-8e98e5f7fd47
2024-09-20 23:48:48 [info]: Profile retrieved for user ID: 90179a1f-a6d1-4f3f-82f9-441515016874
2024-09-20 23:48:48 [info]: Profile retrieved for user ID: 90179a1f-a6d1-4f3f-82f9-441515016874
2024-09-20 23:49:25 [info]: Profile retrieved for user ID: 16a16f33-194c-45a6-95e7-8e98e5f7fd47
2024-09-20 23:49:25 [info]: Profile retrieved for user ID: 16a16f33-194c-45a6-95e7-8e98e5f7fd47
2024-09-20 23:52:40 [info]: Profile retrieved for user ID: 16a16f33-194c-45a6-95e7-8e98e5f7fd47
2024-09-20 23:53:05 [info]: Profile retrieved for user ID: 16a16f33-194c-45a6-95e7-8e98e5f7fd47
2024-09-20 23:53:05 [info]: Profile retrieved for user ID: 16a16f33-194c-45a6-95e7-8e98e5f7fd47
2024-09-20 23:53:35 [info]: Profile retrieved for user ID: 16a16f33-194c-45a6-95e7-8e98e5f7fd47
2024-09-20 23:53:35 [info]: Profile retrieved for user ID: 16a16f33-194c-45a6-95e7-8e98e5f7fd47
2024-09-20 23:54:36 [info]: Profile retrieved for user ID: 16a16f33-194c-45a6-95e7-8e98e5f7fd47
2024-09-20 23:54:36 [info]: Profile retrieved for user ID: 16a16f33-194c-45a6-95e7-8e98e5f7fd47
2024-09-21 00:00:35 [info]: Database connected successfully.
2024-09-21 00:04:53 [info]: Profile retrieved for user ID: 16a16f33-194c-45a6-95e7-8e98e5f7fd47
2024-09-21 00:04:53 [info]: Profile retrieved for user ID: 16a16f33-194c-45a6-95e7-8e98e5f7fd47
2024-09-21 00:15:45 [info]: Profile retrieved for user ID: 16a16f33-194c-45a6-95e7-8e98e5f7fd47
2024-09-21 00:16:28 [info]: Profile retrieved for user ID: 16a16f33-194c-45a6-95e7-8e98e5f7fd47
2024-09-21 00:17:35 [info]: Profile retrieved for user ID: 16a16f33-194c-45a6-95e7-8e98e5f7fd47
2024-09-21 00:17:52 [info]: Profile retrieved for user ID: 16a16f33-194c-45a6-95e7-8e98e5f7fd47
2024-09-21 00:17:52 [info]: Profile retrieved for user ID: 16a16f33-194c-45a6-95e7-8e98e5f7fd47
2024-09-21 00:17:55 [info]: Profile retrieved for user ID: 16a16f33-194c-45a6-95e7-8e98e5f7fd47
2024-09-21 00:17:55 [info]: Profile retrieved for user ID: 16a16f33-194c-45a6-95e7-8e98e5f7fd47
2024-09-21 00:24:40 [info]: Profile retrieved for user ID: 16a16f33-194c-45a6-95e7-8e98e5f7fd47
2024-09-21 00:24:40 [info]: Profile retrieved for user ID: 16a16f33-194c-45a6-95e7-8e98e5f7fd47
2024-09-21 00:24:45 [info]: Profile retrieved for user ID: 16a16f33-194c-45a6-95e7-8e98e5f7fd47
2024-09-21 00:24:45 [info]: Profile retrieved for user ID: 16a16f33-194c-45a6-95e7-8e98e5f7fd47
2024-09-21 00:24:48 [info]: Profile retrieved for user ID: 16a16f33-194c-45a6-95e7-8e98e5f7fd47
2024-09-21 00:24:48 [info]: Profile retrieved for user ID: 16a16f33-194c-45a6-95e7-8e98e5f7fd47
2024-09-21 00:24:48 [info]: Profile retrieved for user ID: 16a16f33-194c-45a6-95e7-8e98e5f7fd47
2024-09-21 00:24:48 [info]: Profile retrieved for user ID: 16a16f33-194c-45a6-95e7-8e98e5f7fd47
2024-09-21 00:24:49 [info]: Profile retrieved for user ID: 16a16f33-194c-45a6-95e7-8e98e5f7fd47
2024-09-21 00:24:49 [info]: Profile retrieved for user ID: 16a16f33-194c-45a6-95e7-8e98e5f7fd47
2024-09-21 00:24:49 [info]: Profile retrieved for user ID: 16a16f33-194c-45a6-95e7-8e98e5f7fd47
2024-09-21 00:24:49 [info]: Profile retrieved for user ID: 16a16f33-194c-45a6-95e7-8e98e5f7fd47
2024-09-21 00:24:49 [info]: Profile retrieved for user ID: 16a16f33-194c-45a6-95e7-8e98e5f7fd47
2024-09-21 00:24:49 [info]: Profile retrieved for user ID: 16a16f33-194c-45a6-95e7-8e98e5f7fd47
2024-09-21 00:24:49 [info]: Profile retrieved for user ID: 16a16f33-194c-45a6-95e7-8e98e5f7fd47
2024-09-21 00:24:49 [info]: Profile retrieved for user ID: 16a16f33-194c-45a6-95e7-8e98e5f7fd47
2024-09-21 00:24:49 [info]: Profile retrieved for user ID: 16a16f33-194c-45a6-95e7-8e98e5f7fd47
2024-09-21 00:24:49 [info]: Profile retrieved for user ID: 16a16f33-194c-45a6-95e7-8e98e5f7fd47
2024-09-21 00:26:56 [info]: Profile retrieved for user ID: 16a16f33-194c-45a6-95e7-8e98e5f7fd47
2024-09-21 00:26:56 [info]: Profile retrieved for user ID: 16a16f33-194c-45a6-95e7-8e98e5f7fd47
2024-09-21 00:27:22 [info]: Profile retrieved for user ID: 16a16f33-194c-45a6-95e7-8e98e5f7fd47
2024-09-21 00:27:22 [info]: Profile retrieved for user ID: 16a16f33-194c-45a6-95e7-8e98e5f7fd47
2024-09-21 00:31:17 [info]: Profile retrieved for user ID: 16a16f33-194c-45a6-95e7-8e98e5f7fd47
2024-09-21 00:31:17 [info]: Profile retrieved for user ID: 16a16f33-194c-45a6-95e7-8e98e5f7fd47
2024-09-21 00:42:28 [info]: Profile retrieved for user ID: 90179a1f-a6d1-4f3f-82f9-441515016874
2024-09-21 00:42:28 [info]: Profile retrieved for user ID: 90179a1f-a6d1-4f3f-82f9-441515016874
2024-09-21 00:42:38 [info]: Profile retrieved for user ID: 16a16f33-194c-45a6-95e7-8e98e5f7fd47
2024-09-21 00:42:39 [info]: Profile retrieved for user ID: 16a16f33-194c-45a6-95e7-8e98e5f7fd47
2024-09-21 00:43:48 [info]: Profile retrieved for user ID: 16a16f33-194c-45a6-95e7-8e98e5f7fd47
2024-09-21 00:43:49 [info]: Profile retrieved for user ID: 16a16f33-194c-45a6-95e7-8e98e5f7fd47
2024-09-21 00:44:01 [info]: Profile retrieved for user ID: 16a16f33-194c-45a6-95e7-8e98e5f7fd47
2024-09-21 00:44:01 [info]: Profile retrieved for user ID: 16a16f33-194c-45a6-95e7-8e98e5f7fd47
2024-09-21 00:59:58 [info]: Profile retrieved for user ID: 16a16f33-194c-45a6-95e7-8e98e5f7fd47
2024-09-21 00:59:58 [info]: Profile retrieved for user ID: 16a16f33-194c-45a6-95e7-8e98e5f7fd47
2024-09-21 01:05:34 [info]: Profile retrieved for user ID: 16a16f33-194c-45a6-95e7-8e98e5f7fd47
2024-09-21 01:05:34 [info]: Profile retrieved for user ID: 16a16f33-194c-45a6-95e7-8e98e5f7fd47
2024-09-21 01:07:18 [info]: Profile retrieved for user ID: 16a16f33-194c-45a6-95e7-8e98e5f7fd47
2024-09-21 01:07:38 [info]: Profile retrieved for user ID: 16a16f33-194c-45a6-95e7-8e98e5f7fd47
2024-09-21 01:07:58 [info]: Profile retrieved for user ID: 16a16f33-194c-45a6-95e7-8e98e5f7fd47
2024-09-21 01:07:58 [info]: Profile retrieved for user ID: 16a16f33-194c-45a6-95e7-8e98e5f7fd47
2024-09-21 01:08:57 [info]: Profile retrieved for user ID: 16a16f33-194c-45a6-95e7-8e98e5f7fd47
2024-09-21 01:09:23 [info]: Profile retrieved for user ID: 16a16f33-194c-45a6-95e7-8e98e5f7fd47
2024-09-21 01:10:00 [info]: Profile retrieved for user ID: 16a16f33-194c-45a6-95e7-8e98e5f7fd47
2024-09-21 01:10:00 [info]: Profile retrieved for user ID: 16a16f33-194c-45a6-95e7-8e98e5f7fd47
2024-09-21 01:10:28 [info]: Profile retrieved for user ID: 16a16f33-194c-45a6-95e7-8e98e5f7fd47
2024-09-21 01:10:28 [info]: Profile retrieved for user ID: 16a16f33-194c-45a6-95e7-8e98e5f7fd47
2024-09-21 01:13:49 [info]: Profile retrieved for user ID: 16a16f33-194c-45a6-95e7-8e98e5f7fd47
2024-09-21 01:13:49 [info]: Profile retrieved for user ID: 16a16f33-194c-45a6-95e7-8e98e5f7fd47
2024-09-21 01:17:01 [info]: Profile retrieved for user ID: 16a16f33-194c-45a6-95e7-8e98e5f7fd47
2024-09-21 01:17:01 [info]: Profile retrieved for user ID: 16a16f33-194c-45a6-95e7-8e98e5f7fd47
2024-09-21 01:18:52 [info]: Profile retrieved for user ID: 16a16f33-194c-45a6-95e7-8e98e5f7fd47
2024-09-21 01:18:52 [info]: Profile retrieved for user ID: 16a16f33-194c-45a6-95e7-8e98e5f7fd47
2024-09-21 12:24:27 [info]: Profile retrieved for user ID: 27855d21-ef3d-460e-8710-2f6d2d7607ec
2024-09-21 12:24:27 [info]: Profile retrieved for user ID: 27855d21-ef3d-460e-8710-2f6d2d7607ec
2024-09-21 12:26:11 [info]: Profile retrieved for user ID: 27855d21-ef3d-460e-8710-2f6d2d7607ec
2024-09-21 12:28:29 [info]: Profile retrieved for user ID: 27855d21-ef3d-460e-8710-2f6d2d7607ec
2024-09-21 12:28:55 [info]: Profile retrieved for user ID: 27855d21-ef3d-460e-8710-2f6d2d7607ec
2024-09-21 12:28:55 [info]: Profile retrieved for user ID: 27855d21-ef3d-460e-8710-2f6d2d7607ec
2024-09-21 12:33:26 [info]: Profile retrieved for user ID: 27855d21-ef3d-460e-8710-2f6d2d7607ec
2024-09-21 12:33:31 [info]: Profile retrieved for user ID: 27855d21-ef3d-460e-8710-2f6d2d7607ec
2024-09-21 12:33:31 [info]: Profile retrieved for user ID: 27855d21-ef3d-460e-8710-2f6d2d7607ec
2024-09-21 12:35:01 [info]: Profile retrieved for user ID: 27855d21-ef3d-460e-8710-2f6d2d7607ec
2024-09-21 12:35:01 [info]: Profile retrieved for user ID: 27855d21-ef3d-460e-8710-2f6d2d7607ec
2024-09-21 13:37:03 [info]: Profile retrieved for user ID: 27855d21-ef3d-460e-8710-2f6d2d7607ec
2024-09-21 13:37:03 [info]: Profile retrieved for user ID: 27855d21-ef3d-460e-8710-2f6d2d7607ec
2024-09-21 13:37:26 [info]: Profile retrieved for user ID: 27855d21-ef3d-460e-8710-2f6d2d7607ec
2024-09-21 13:37:26 [info]: Profile retrieved for user ID: 27855d21-ef3d-460e-8710-2f6d2d7607ec
2024-09-21 13:37:53 [info]: Profile retrieved for user ID: 27855d21-ef3d-460e-8710-2f6d2d7607ec
2024-09-24 16:29:57 [info]: Database connected successfully.
2024-09-24 16:35:36 [info]: New user registered with ID: 4d94941b-f2fe-4b24-87dc-ea3b8c98e372
2024-09-24 16:41:21 [warn]: Invalid password attempt for email: yogesh@gmail.com
2024-09-24 16:41:26 [info]: Profile retrieved for user ID: 90179a1f-a6d1-4f3f-82f9-441515016874
2024-09-24 16:41:26 [info]: Profile retrieved for user ID: 90179a1f-a6d1-4f3f-82f9-441515016874
2024-09-24 16:42:03 [info]: User has been modified ID: fff75ec0-dddd-4a8c-a06d-467ca0cb287e
2024-09-24 16:42:03 [info]: Profile retrieved for user ID: 90179a1f-a6d1-4f3f-82f9-441515016874
2024-09-24 16:43:33 [info]: Profile retrieved for user ID: 90179a1f-a6d1-4f3f-82f9-441515016874
2024-09-24 16:43:33 [info]: Profile retrieved for user ID: 90179a1f-a6d1-4f3f-82f9-441515016874
2024-09-24 16:43:53 [info]: Profile retrieved for user ID: 90179a1f-a6d1-4f3f-82f9-441515016874
2024-09-24 16:43:53 [info]: Profile retrieved for user ID: 90179a1f-a6d1-4f3f-82f9-441515016874
2024-09-24 16:44:41 [info]: Profile retrieved for user ID: 16a16f33-194c-45a6-95e7-8e98e5f7fd47
2024-09-24 16:44:41 [info]: Profile retrieved for user ID: 16a16f33-194c-45a6-95e7-8e98e5f7fd47
2024-09-24 16:46:33 [info]: Profile retrieved for user ID: 16a16f33-194c-45a6-95e7-8e98e5f7fd47
2024-09-24 16:46:33 [info]: Profile retrieved for user ID: 16a16f33-194c-45a6-95e7-8e98e5f7fd47
2024-09-24 16:47:24 [info]: Profile retrieved for user ID: 16a16f33-194c-45a6-95e7-8e98e5f7fd47
2024-09-24 16:47:24 [info]: Profile retrieved for user ID: 16a16f33-194c-45a6-95e7-8e98e5f7fd47
2024-09-24 17:43:53 [info]: Profile retrieved for user ID: 4e01432e-ad54-42ac-a64a-570e23fa9341
2024-09-24 17:43:53 [info]: Profile retrieved for user ID: 4e01432e-ad54-42ac-a64a-570e23fa9341
2024-09-24 17:44:23 [info]: Profile retrieved for user ID: 4e01432e-ad54-42ac-a64a-570e23fa9341
2024-09-24 17:44:23 [info]: Profile retrieved for user ID: 4e01432e-ad54-42ac-a64a-570e23fa9341
2024-09-24 17:44:50 [info]: Profile retrieved for user ID: 4e01432e-ad54-42ac-a64a-570e23fa9341
2024-09-24 17:44:50 [info]: Profile retrieved for user ID: 4e01432e-ad54-42ac-a64a-570e23fa9341
2024-09-24 17:49:16 [info]: Profile retrieved for user ID: 4e01432e-ad54-42ac-a64a-570e23fa9341
2024-09-24 17:49:16 [info]: Profile retrieved for user ID: 4e01432e-ad54-42ac-a64a-570e23fa9341
2024-09-24 17:51:03 [info]: Profile retrieved for user ID: 4e01432e-ad54-42ac-a64a-570e23fa9341
2024-09-24 17:51:03 [info]: Profile retrieved for user ID: 4e01432e-ad54-42ac-a64a-570e23fa9341
2024-09-24 17:52:04 [info]: Profile retrieved for user ID: 4e01432e-ad54-42ac-a64a-570e23fa9341
2024-09-24 17:52:04 [info]: Profile retrieved for user ID: 16a16f33-194c-45a6-95e7-8e98e5f7fd47
2024-09-24 17:52:04 [info]: Profile retrieved for user ID: 4e01432e-ad54-42ac-a64a-570e23fa9341
2024-09-24 17:53:44 [info]: Profile retrieved for user ID: 4e01432e-ad54-42ac-a64a-570e23fa9341
2024-09-24 17:53:44 [info]: Profile retrieved for user ID: 4e01432e-ad54-42ac-a64a-570e23fa9341
2024-09-24 17:53:44 [info]: Profile retrieved for user ID: 16a16f33-194c-45a6-95e7-8e98e5f7fd47
2024-09-24 17:54:21 [info]: Profile retrieved for user ID: 4e01432e-ad54-42ac-a64a-570e23fa9341
2024-09-24 17:54:21 [info]: Profile retrieved for user ID: 4e01432e-ad54-42ac-a64a-570e23fa9341
2024-09-24 17:56:39 [info]: Profile retrieved for user ID: 4e01432e-ad54-42ac-a64a-570e23fa9341
2024-09-24 17:56:39 [info]: Profile retrieved for user ID: 4e01432e-ad54-42ac-a64a-570e23fa9341
2024-09-24 17:56:52 [info]: Profile retrieved for user ID: 4e01432e-ad54-42ac-a64a-570e23fa9341
2024-09-24 17:56:52 [info]: Profile retrieved for user ID: 4e01432e-ad54-42ac-a64a-570e23fa9341
2024-09-24 17:59:15 [info]: Profile retrieved for user ID: 4e01432e-ad54-42ac-a64a-570e23fa9341
2024-09-24 17:59:15 [info]: Profile retrieved for user ID: 4e01432e-ad54-42ac-a64a-570e23fa9341
2024-09-24 18:02:57 [info]: Profile retrieved for user ID: 16a16f33-194c-45a6-95e7-8e98e5f7fd47
2024-09-24 18:02:57 [info]: Profile retrieved for user ID: 4e01432e-ad54-42ac-a64a-570e23fa9341
2024-09-24 18:02:57 [info]: Profile retrieved for user ID: 4e01432e-ad54-42ac-a64a-570e23fa9341
2024-09-24 18:03:04 [info]: Profile retrieved for user ID: 4e01432e-ad54-42ac-a64a-570e23fa9341
2024-09-24 18:03:04 [info]: Profile retrieved for user ID: 4e01432e-ad54-42ac-a64a-570e23fa9341
2024-09-24 18:05:07 [info]: Profile retrieved for user ID: 4e01432e-ad54-42ac-a64a-570e23fa9341
2024-09-24 18:05:07 [info]: Profile retrieved for user ID: 4e01432e-ad54-42ac-a64a-570e23fa9341
2024-09-24 18:06:57 [info]: Profile retrieved for user ID: 4e01432e-ad54-42ac-a64a-570e23fa9341
2024-09-24 18:06:57 [info]: Profile retrieved for user ID: 4e01432e-ad54-42ac-a64a-570e23fa9341
2024-09-24 18:07:41 [info]: Profile retrieved for user ID: 16a16f33-194c-45a6-95e7-8e98e5f7fd47
2024-09-24 18:07:41 [info]: Profile retrieved for user ID: 4e01432e-ad54-42ac-a64a-570e23fa9341
2024-09-24 18:07:41 [info]: Profile retrieved for user ID: 4e01432e-ad54-42ac-a64a-570e23fa9341
2024-09-24 18:10:15 [info]: Profile retrieved for user ID: 4e01432e-ad54-42ac-a64a-570e23fa9341
2024-09-24 18:10:15 [info]: Profile retrieved for user ID: 4e01432e-ad54-42ac-a64a-570e23fa9341
2024-09-24 18:10:24 [info]: Profile retrieved for user ID: 4e01432e-ad54-42ac-a64a-570e23fa9341
2024-09-24 18:10:24 [info]: Profile retrieved for user ID: 4e01432e-ad54-42ac-a64a-570e23fa9341
2024-09-24 18:10:41 [info]: Profile retrieved for user ID: 4e01432e-ad54-42ac-a64a-570e23fa9341
2024-09-24 18:10:41 [info]: Profile retrieved for user ID: 4e01432e-ad54-42ac-a64a-570e23fa9341
2024-09-24 18:10:50 [info]: Profile retrieved for user ID: 4e01432e-ad54-42ac-a64a-570e23fa9341
2024-09-24 18:10:50 [info]: Profile retrieved for user ID: 4e01432e-ad54-42ac-a64a-570e23fa9341
2024-09-24 18:11:51 [info]: Profile retrieved for user ID: 4e01432e-ad54-42ac-a64a-570e23fa9341
2024-09-24 18:11:51 [info]: Profile retrieved for user ID: 16a16f33-194c-45a6-95e7-8e98e5f7fd47
2024-09-24 18:11:51 [info]: Profile retrieved for user ID: 4e01432e-ad54-42ac-a64a-570e23fa9341
2024-09-24 18:11:56 [info]: Profile retrieved for user ID: 16a16f33-194c-45a6-95e7-8e98e5f7fd47
2024-09-24 18:11:56 [info]: Profile retrieved for user ID: 4e01432e-ad54-42ac-a64a-570e23fa9341
2024-09-24 18:11:56 [info]: Profile retrieved for user ID: 4e01432e-ad54-42ac-a64a-570e23fa9341
2024-09-24 18:12:13 [info]: Profile retrieved for user ID: 4e01432e-ad54-42ac-a64a-570e23fa9341
2024-09-24 18:12:13 [info]: Profile retrieved for user ID: 4e01432e-ad54-42ac-a64a-570e23fa9341
2024-09-24 18:12:13 [info]: Profile retrieved for user ID: 16a16f33-194c-45a6-95e7-8e98e5f7fd47
2024-09-24 18:12:24 [info]: Profile retrieved for user ID: 4e01432e-ad54-42ac-a64a-570e23fa9341
2024-09-24 18:12:24 [info]: Profile retrieved for user ID: 4e01432e-ad54-42ac-a64a-570e23fa9341
2024-09-24 18:12:24 [info]: Profile retrieved for user ID: 16a16f33-194c-45a6-95e7-8e98e5f7fd47
2024-09-24 18:14:32 [info]: Profile retrieved for user ID: 4e01432e-ad54-42ac-a64a-570e23fa9341
2024-09-24 18:14:32 [info]: Profile retrieved for user ID: 4e01432e-ad54-42ac-a64a-570e23fa9341
2024-09-24 18:16:18 [info]: Profile retrieved for user ID: 4e01432e-ad54-42ac-a64a-570e23fa9341
2024-09-24 18:16:18 [info]: Profile retrieved for user ID: 4e01432e-ad54-42ac-a64a-570e23fa9341
2024-09-24 18:17:09 [info]: Profile retrieved for user ID: 4e01432e-ad54-42ac-a64a-570e23fa9341
2024-09-24 18:17:09 [info]: Profile retrieved for user ID: 16a16f33-194c-45a6-95e7-8e98e5f7fd47
2024-09-24 18:17:09 [info]: Profile retrieved for user ID: 4e01432e-ad54-42ac-a64a-570e23fa9341
2024-09-24 18:17:19 [info]: Profile retrieved for user ID: 4e01432e-ad54-42ac-a64a-570e23fa9341
2024-09-24 18:17:19 [info]: Profile retrieved for user ID: 4e01432e-ad54-42ac-a64a-570e23fa9341
2024-09-24 18:17:19 [info]: Profile retrieved for user ID: 16a16f33-194c-45a6-95e7-8e98e5f7fd47
2024-09-24 18:21:35 [info]: Profile retrieved for user ID: 16a16f33-194c-45a6-95e7-8e98e5f7fd47
2024-09-24 18:21:35 [info]: Profile retrieved for user ID: 4e01432e-ad54-42ac-a64a-570e23fa9341
2024-09-24 18:21:35 [info]: Profile retrieved for user ID: 4e01432e-ad54-42ac-a64a-570e23fa9341
2024-09-24 18:22:17 [info]: Profile retrieved for user ID: 4e01432e-ad54-42ac-a64a-570e23fa9341
2024-09-24 18:22:17 [info]: Profile retrieved for user ID: 4e01432e-ad54-42ac-a64a-570e23fa9341
2024-09-24 18:23:23 [info]: Profile retrieved for user ID: 4e01432e-ad54-42ac-a64a-570e23fa9341
2024-09-24 18:23:23 [info]: Profile retrieved for user ID: 4e01432e-ad54-42ac-a64a-570e23fa9341
2024-09-24 18:24:52 [info]: Profile retrieved for user ID: 4e01432e-ad54-42ac-a64a-570e23fa9341
2024-09-24 18:24:52 [info]: Profile retrieved for user ID: 4e01432e-ad54-42ac-a64a-570e23fa9341
2024-09-24 18:24:52 [info]: Profile retrieved for user ID: 16a16f33-194c-45a6-95e7-8e98e5f7fd47
2024-09-24 18:24:58 [info]: Profile retrieved for user ID: 4e01432e-ad54-42ac-a64a-570e23fa9341
2024-09-24 18:24:58 [info]: Profile retrieved for user ID: 4e01432e-ad54-42ac-a64a-570e23fa9341
2024-09-24 18:24:58 [info]: Profile retrieved for user ID: 16a16f33-194c-45a6-95e7-8e98e5f7fd47
2024-09-24 18:25:13 [info]: Profile retrieved for user ID: 4e01432e-ad54-42ac-a64a-570e23fa9341
2024-09-24 18:25:14 [info]: Profile retrieved for user ID: 4e01432e-ad54-42ac-a64a-570e23fa9341
2024-09-24 18:25:14 [info]: Profile retrieved for user ID: 16a16f33-194c-45a6-95e7-8e98e5f7fd47
2024-09-24 18:25:20 [info]: Profile retrieved for user ID: 4e01432e-ad54-42ac-a64a-570e23fa9341
2024-09-24 18:25:21 [info]: Profile retrieved for user ID: 4e01432e-ad54-42ac-a64a-570e23fa9341
2024-09-24 18:25:21 [info]: Profile retrieved for user ID: 16a16f33-194c-45a6-95e7-8e98e5f7fd47
2024-09-24 18:28:13 [info]: Profile retrieved for user ID: 4e01432e-ad54-42ac-a64a-570e23fa9341
2024-09-24 18:28:13 [info]: Profile retrieved for user ID: 16a16f33-194c-45a6-95e7-8e98e5f7fd47
2024-09-24 18:28:13 [info]: Profile retrieved for user ID: 4e01432e-ad54-42ac-a64a-570e23fa9341
2024-09-24 18:34:13 [info]: Profile retrieved for user ID: 4e01432e-ad54-42ac-a64a-570e23fa9341
2024-09-24 18:34:13 [info]: Profile retrieved for user ID: 4e01432e-ad54-42ac-a64a-570e23fa9341
2024-09-24 18:34:13 [info]: Profile retrieved for user ID: 4e01432e-ad54-42ac-a64a-570e23fa9341
2024-09-24 18:34:13 [info]: Profile retrieved for user ID: 4e01432e-ad54-42ac-a64a-570e23fa9341
2024-09-24 18:34:14 [info]: Profile retrieved for user ID: 16a16f33-194c-45a6-95e7-8e98e5f7fd47
2024-09-24 18:34:14 [info]: Profile retrieved for user ID: 16a16f33-194c-45a6-95e7-8e98e5f7fd47
2024-09-24 18:40:29 [info]: Profile retrieved for user ID: 4e01432e-ad54-42ac-a64a-570e23fa9341
2024-09-24 18:40:29 [info]: Profile retrieved for user ID: 4e01432e-ad54-42ac-a64a-570e23fa9341
2024-09-24 18:43:29 [info]: Profile retrieved for user ID: 4e01432e-ad54-42ac-a64a-570e23fa9341
2024-09-24 18:43:29 [info]: Profile retrieved for user ID: 4e01432e-ad54-42ac-a64a-570e23fa9341
2024-09-24 18:43:59 [info]: Profile retrieved for user ID: 4e01432e-ad54-42ac-a64a-570e23fa9341
2024-09-24 18:43:59 [info]: Profile retrieved for user ID: 4e01432e-ad54-42ac-a64a-570e23fa9341
2024-09-24 19:04:43 [info]: Profile retrieved for user ID: 4e01432e-ad54-42ac-a64a-570e23fa9341
2024-09-24 19:04:43 [info]: Profile retrieved for user ID: 4e01432e-ad54-42ac-a64a-570e23fa9341
2024-09-24 19:12:05 [info]: Profile retrieved for user ID: 4e01432e-ad54-42ac-a64a-570e23fa9341
2024-09-24 19:12:05 [info]: Profile retrieved for user ID: 4e01432e-ad54-42ac-a64a-570e23fa9341
2024-09-24 19:19:16 [info]: Profile retrieved for user ID: 4e01432e-ad54-42ac-a64a-570e23fa9341
2024-09-24 19:19:16 [info]: Profile retrieved for user ID: 4e01432e-ad54-42ac-a64a-570e23fa9341
2024-09-24 19:23:22 [info]: Profile retrieved for user ID: 4e01432e-ad54-42ac-a64a-570e23fa9341
2024-09-24 19:23:22 [info]: Profile retrieved for user ID: 4e01432e-ad54-42ac-a64a-570e23fa9341
2024-09-24 19:25:37 [info]: Profile retrieved for user ID: 90179a1f-a6d1-4f3f-82f9-441515016874
2024-09-24 19:25:37 [info]: Profile retrieved for user ID: 90179a1f-a6d1-4f3f-82f9-441515016874
2024-09-24 19:38:08 [info]: Profile retrieved for user ID: 4e01432e-ad54-42ac-a64a-570e23fa9341
2024-09-24 19:38:08 [info]: Profile retrieved for user ID: 4e01432e-ad54-42ac-a64a-570e23fa9341
2024-09-24 19:38:25 [info]: Profile retrieved for user ID: 4e01432e-ad54-42ac-a64a-570e23fa9341
2024-09-24 19:38:25 [info]: Profile retrieved for user ID: 4e01432e-ad54-42ac-a64a-570e23fa9341
2024-09-24 19:38:50 [info]: Profile retrieved for user ID: 90179a1f-a6d1-4f3f-82f9-441515016874
2024-09-24 19:38:50 [info]: Profile retrieved for user ID: 90179a1f-a6d1-4f3f-82f9-441515016874
2024-09-24 19:53:46 [info]: Profile retrieved for user ID: 90179a1f-a6d1-4f3f-82f9-441515016874
2024-09-24 19:53:59 [info]: Profile retrieved for user ID: 90179a1f-a6d1-4f3f-82f9-441515016874
2024-09-24 19:54:57 [info]: Profile retrieved for user ID: 90179a1f-a6d1-4f3f-82f9-441515016874
2024-09-24 19:55:12 [info]: Profile retrieved for user ID: 90179a1f-a6d1-4f3f-82f9-441515016874
2024-09-24 19:55:26 [info]: Profile retrieved for user ID: 90179a1f-a6d1-4f3f-82f9-441515016874
2024-09-24 20:04:19 [info]: Profile retrieved for user ID: 90179a1f-a6d1-4f3f-82f9-441515016874
2024-09-24 20:07:22 [info]: Profile retrieved for user ID: 90179a1f-a6d1-4f3f-82f9-441515016874
2024-09-24 20:07:22 [info]: Profile retrieved for user ID: 90179a1f-a6d1-4f3f-82f9-441515016874
2024-09-24 20:09:13 [info]: Profile retrieved for user ID: 90179a1f-a6d1-4f3f-82f9-441515016874
2024-09-24 20:09:13 [info]: Profile retrieved for user ID: 90179a1f-a6d1-4f3f-82f9-441515016874
2024-09-26 11:49:17 [info]: Profile retrieved for user ID: 90179a1f-a6d1-4f3f-82f9-441515016874
2024-09-26 11:49:17 [info]: Profile retrieved for user ID: 90179a1f-a6d1-4f3f-82f9-441515016874
2024-09-26 11:50:38 [info]: Profile retrieved for user ID: 90179a1f-a6d1-4f3f-82f9-441515016874
2024-09-26 11:50:38 [info]: Profile retrieved for user ID: 90179a1f-a6d1-4f3f-82f9-441515016874
2024-09-26 11:50:41 [info]: Profile retrieved for user ID: 90179a1f-a6d1-4f3f-82f9-441515016874
2024-09-26 11:50:41 [info]: Profile retrieved for user ID: 90179a1f-a6d1-4f3f-82f9-441515016874
2024-09-26 12:09:15 [info]: Profile retrieved for user ID: 90179a1f-a6d1-4f3f-82f9-441515016874
2024-09-26 12:09:15 [info]: Profile retrieved for user ID: 90179a1f-a6d1-4f3f-82f9-441515016874
2024-09-26 12:09:32 [info]: Profile retrieved for user ID: 90179a1f-a6d1-4f3f-82f9-441515016874
2024-09-26 12:09:32 [info]: Profile retrieved for user ID: 90179a1f-a6d1-4f3f-82f9-441515016874
2024-09-26 12:24:40 [info]: Profile retrieved for user ID: 90179a1f-a6d1-4f3f-82f9-441515016874
2024-09-26 12:24:40 [info]: Profile retrieved for user ID: 90179a1f-a6d1-4f3f-82f9-441515016874
2024-09-26 12:37:01 [info]: Profile retrieved for user ID: 90179a1f-a6d1-4f3f-82f9-441515016874
2024-09-26 12:37:08 [info]: Profile retrieved for user ID: 90179a1f-a6d1-4f3f-82f9-441515016874
2024-09-26 12:37:27 [info]: Profile retrieved for user ID: 90179a1f-a6d1-4f3f-82f9-441515016874
2024-09-26 12:39:44 [info]: Profile retrieved for user ID: 90179a1f-a6d1-4f3f-82f9-441515016874
2024-09-26 12:39:44 [info]: Profile retrieved for user ID: 90179a1f-a6d1-4f3f-82f9-441515016874
2024-09-26 12:42:36 [info]: Profile retrieved for user ID: 90179a1f-a6d1-4f3f-82f9-441515016874
2024-09-26 12:42:36 [info]: Profile retrieved for user ID: 90179a1f-a6d1-4f3f-82f9-441515016874
2024-09-26 12:47:39 [info]: Profile retrieved for user ID: 90179a1f-a6d1-4f3f-82f9-441515016874
2024-09-26 12:47:39 [info]: Profile retrieved for user ID: 90179a1f-a6d1-4f3f-82f9-441515016874
2024-09-26 12:47:57 [info]: Profile retrieved for user ID: 90179a1f-a6d1-4f3f-82f9-441515016874
2024-09-26 12:47:57 [info]: Profile retrieved for user ID: 90179a1f-a6d1-4f3f-82f9-441515016874
2024-09-26 12:48:07 [info]: Profile retrieved for user ID: 90179a1f-a6d1-4f3f-82f9-441515016874
2024-09-26 12:48:07 [info]: Profile retrieved for user ID: 90179a1f-a6d1-4f3f-82f9-441515016874
2024-09-26 15:15:46 [info]: Profile retrieved for user ID: 90179a1f-a6d1-4f3f-82f9-441515016874
2024-09-26 15:15:46 [info]: Profile retrieved for user ID: 90179a1f-a6d1-4f3f-82f9-441515016874
2024-09-26 15:17:31 [info]: Profile retrieved for user ID: 90179a1f-a6d1-4f3f-82f9-441515016874
2024-09-26 15:18:38 [info]: Profile retrieved for user ID: 90179a1f-a6d1-4f3f-82f9-441515016874
2024-09-26 15:18:38 [info]: Profile retrieved for user ID: 90179a1f-a6d1-4f3f-82f9-441515016874
2024-09-26 15:19:22 [info]: Profile retrieved for user ID: 90179a1f-a6d1-4f3f-82f9-441515016874
2024-09-26 15:19:22 [info]: Profile retrieved for user ID: 90179a1f-a6d1-4f3f-82f9-441515016874
2024-09-26 15:20:47 [info]: Profile retrieved for user ID: 90179a1f-a6d1-4f3f-82f9-441515016874
2024-09-26 15:20:47 [info]: Profile retrieved for user ID: 90179a1f-a6d1-4f3f-82f9-441515016874
2024-09-26 15:22:21 [info]: Profile retrieved for user ID: 90179a1f-a6d1-4f3f-82f9-441515016874
2024-09-26 15:22:21 [info]: Profile retrieved for user ID: 90179a1f-a6d1-4f3f-82f9-441515016874
2024-09-26 15:22:49 [info]: Profile retrieved for user ID: 90179a1f-a6d1-4f3f-82f9-441515016874
2024-09-26 15:22:49 [info]: Profile retrieved for user ID: 90179a1f-a6d1-4f3f-82f9-441515016874
2024-09-26 15:23:04 [info]: Profile retrieved for user ID: 90179a1f-a6d1-4f3f-82f9-441515016874
2024-09-26 15:23:04 [info]: Profile retrieved for user ID: 90179a1f-a6d1-4f3f-82f9-441515016874
2024-09-26 15:23:30 [info]: Profile retrieved for user ID: 90179a1f-a6d1-4f3f-82f9-441515016874
2024-09-26 15:25:18 [info]: Profile retrieved for user ID: 90179a1f-a6d1-4f3f-82f9-441515016874
2024-09-26 15:25:18 [info]: Profile retrieved for user ID: 90179a1f-a6d1-4f3f-82f9-441515016874
2024-09-26 15:25:47 [info]: Profile retrieved for user ID: 90179a1f-a6d1-4f3f-82f9-441515016874
2024-09-26 15:25:47 [info]: Profile retrieved for user ID: 90179a1f-a6d1-4f3f-82f9-441515016874
2024-09-26 15:26:43 [info]: Profile retrieved for user ID: 90179a1f-a6d1-4f3f-82f9-441515016874
2024-09-26 15:26:43 [info]: Profile retrieved for user ID: 90179a1f-a6d1-4f3f-82f9-441515016874
2024-09-26 15:27:53 [info]: Profile retrieved for user ID: 90179a1f-a6d1-4f3f-82f9-441515016874
2024-09-26 15:27:53 [info]: Profile retrieved for user ID: 90179a1f-a6d1-4f3f-82f9-441515016874
2024-09-26 15:28:16 [info]: Profile retrieved for user ID: 90179a1f-a6d1-4f3f-82f9-441515016874
2024-09-26 15:28:16 [info]: Profile retrieved for user ID: 90179a1f-a6d1-4f3f-82f9-441515016874
2024-09-26 15:28:47 [info]: Profile retrieved for user ID: 90179a1f-a6d1-4f3f-82f9-441515016874
2024-09-26 15:28:47 [info]: Profile retrieved for user ID: 90179a1f-a6d1-4f3f-82f9-441515016874
2024-09-26 15:28:50 [info]: Profile retrieved for user ID: 90179a1f-a6d1-4f3f-82f9-441515016874
2024-09-26 15:28:50 [info]: Profile retrieved for user ID: 90179a1f-a6d1-4f3f-82f9-441515016874
2024-09-26 15:31:09 [info]: Profile retrieved for user ID: 90179a1f-a6d1-4f3f-82f9-441515016874
2024-09-26 15:31:09 [info]: Profile retrieved for user ID: 90179a1f-a6d1-4f3f-82f9-441515016874
2024-09-26 15:35:49 [info]: Profile retrieved for user ID: 90179a1f-a6d1-4f3f-82f9-441515016874
2024-09-26 15:35:49 [info]: Profile retrieved for user ID: 90179a1f-a6d1-4f3f-82f9-441515016874
2024-09-26 16:07:48 [info]: User has been modified ID: faf363ea-4e23-4d74-aadb-38d434bf83aa
2024-09-26 16:07:48 [info]: Profile retrieved for user ID: 90179a1f-a6d1-4f3f-82f9-441515016874
2024-09-26 16:44:02 [info]: Profile retrieved for user ID: 90179a1f-a6d1-4f3f-82f9-441515016874
2024-09-26 16:44:02 [info]: Profile retrieved for user ID: 90179a1f-a6d1-4f3f-82f9-441515016874
2024-09-26 16:50:57 [info]: Profile retrieved for user ID: 4e01432e-ad54-42ac-a64a-570e23fa9341
2024-09-26 16:50:57 [info]: Profile retrieved for user ID: 4e01432e-ad54-42ac-a64a-570e23fa9341
2024-09-26 16:51:07 [info]: Profile retrieved for user ID: 4e01432e-ad54-42ac-a64a-570e23fa9341
2024-09-26 16:51:07 [info]: Profile retrieved for user ID: 4e01432e-ad54-42ac-a64a-570e23fa9341
2024-09-26 16:52:47 [info]: Profile retrieved for user ID: 4e01432e-ad54-42ac-a64a-570e23fa9341
2024-09-26 19:47:14 [info]: Profile retrieved for user ID: 90179a1f-a6d1-4f3f-82f9-441515016874
2024-09-26 19:47:14 [info]: Profile retrieved for user ID: 90179a1f-a6d1-4f3f-82f9-441515016874
