2024-08-30 13:54:20 [[32minfo[39m]: Database connected successfully.
2024-08-30 13:54:20 [[32minfo[39m]: Server running on port 5432
2024-08-30 13:57:54 [[32minfo[39m]: Database connected successfully.
2024-08-30 13:57:54 [[32minfo[39m]: Server running on port 5432
2024-08-30 14:01:09 [[32minfo[39m]: Database connected successfully.
2024-08-30 14:01:09 [[32minfo[39m]: Server running on port 5432
2024-08-30 14:01:26 [[32minfo[39m]: Database connected successfully.
2024-08-30 14:01:26 [[32minfo[39m]: Server running on port 5432
2024-08-30 14:01:30 [[32minfo[39m]: Database connected successfully.
2024-08-30 14:01:30 [[32minfo[39m]: Server running on port 5432
2024-08-30 14:02:51 [[32minfo[39m]: Database connected successfully.
2024-08-30 14:02:51 [[32minfo[39m]: Server running on port 5432
2024-08-30 14:03:30 [[32minfo[39m]: Database connected successfully.
2024-08-30 14:03:30 [[32minfo[39m]: Server running on port 5432
2024-08-30 14:04:00 [[32minfo[39m]: Database connected successfully.
2024-08-30 14:04:00 [[32minfo[39m]: Server running on port 5432
2024-08-30 14:04:19 [[32minfo[39m]: Database connected successfully.
2024-08-30 14:04:19 [[32minfo[39m]: Server running on port 5432
2024-08-30 14:05:12 [[32minfo[39m]: Database connected successfully.
2024-08-30 14:05:12 [[32minfo[39m]: Server running on port 5432
2024-08-30 14:05:26 [[32minfo[39m]: Database connected successfully.
2024-08-30 14:05:26 [[32minfo[39m]: Server running on port 3000
2024-08-30 14:08:02 [[31merror[39m]: Error creating ticket: Cannot read properties of undefined (reading 'create')
2024-08-30 14:08:44 [[32minfo[39m]: Database connected successfully.
2024-08-30 14:08:44 [[32minfo[39m]: Server running on port 3000
2024-08-30 14:08:46 [[31merror[39m]: Error creating ticket: Cannot read properties of undefined (reading 'create')
2024-08-30 14:09:27 [[32minfo[39m]: Database connected successfully.
2024-08-30 14:09:27 [[32minfo[39m]: Server running on port 3000
2024-08-30 14:09:31 [[31merror[39m]: Error creating ticket: Cannot read properties of undefined (reading 'create')
2024-08-30 14:13:25 [[32minfo[39m]: Database connected successfully.
2024-08-30 14:13:25 [[32minfo[39m]: Server running on port 3000
2024-08-30 14:13:30 [[32minfo[39m]: Creating a new ticket
2024-08-30 14:13:46 [[32minfo[39m]: Listing all tickets
2024-08-30 15:59:04 [[32minfo[39m]: Listing all tickets
2024-08-30 16:02:17 [[32minfo[39m]: Database connected successfully.
2024-08-30 16:02:17 [[32minfo[39m]: Server running on port 3000
2024-08-30 16:03:29 [[32minfo[39m]: Database connected successfully.
2024-08-30 16:03:29 [[32minfo[39m]: Server running on port 3000
2024-08-30 16:03:39 [[32minfo[39m]: Creating a new ticket
2024-08-30 16:04:29 [[32minfo[39m]: Creating a new ticket
2024-08-30 16:05:00 [[32minfo[39m]: Database connected successfully.
2024-08-30 16:05:00 [[32minfo[39m]: Server running on port 3000
2024-08-30 16:05:35 [[32minfo[39m]: Database connected successfully.
2024-08-30 16:05:35 [[32minfo[39m]: Server running on port 3000
2024-08-30 16:05:41 [[32minfo[39m]: Creating a new ticket
2024-08-30 16:06:21 [[32minfo[39m]: Database connected successfully.
2024-08-30 16:06:21 [[32minfo[39m]: Server running on port 3000
2024-08-30 16:06:32 [[32minfo[39m]: Creating a new ticket
2024-08-30 16:06:37 [[32minfo[39m]: Listing all tickets
2024-08-30 16:07:34 [[32minfo[39m]: Database connected successfully.
2024-08-30 16:07:34 [[32minfo[39m]: Server running on port 3000
2024-08-30 16:07:48 [[32minfo[39m]: Database connected successfully.
2024-08-30 16:07:48 [[32minfo[39m]: Server running on port 3000
2024-08-30 16:08:17 [[32minfo[39m]: Database connected successfully.
2024-08-30 16:08:17 [[32minfo[39m]: Server running on port 3000
2024-08-30 16:08:45 [[32minfo[39m]: Database connected successfully.
2024-08-30 16:08:45 [[32minfo[39m]: Server running on port 3000
2024-08-30 16:09:21 [[32minfo[39m]: Creating a new ticket
2024-08-30 16:09:35 [[32minfo[39m]: Database connected successfully.
2024-08-30 16:09:35 [[32minfo[39m]: Server running on port 3000
2024-08-30 16:11:27 [[32minfo[39m]: Database connected successfully.
2024-08-30 16:11:27 [[32minfo[39m]: Server running on port 3000
2024-08-30 16:13:26 [[32minfo[39m]: Creating a new ticket
2024-08-30 16:18:23 [[32minfo[39m]: Database connected successfully.
2024-08-30 16:18:23 [[32minfo[39m]: Server running on port 3000
2024-08-30 16:19:52 [[32minfo[39m]: Database connected successfully.
2024-08-30 16:19:52 [[32minfo[39m]: Server running on port 3000
2024-08-30 16:19:55 [[32minfo[39m]: Database connected successfully.
2024-08-30 16:19:55 [[32minfo[39m]: Server running on port 3000
2024-08-30 16:20:08 [[32minfo[39m]: Database connected successfully.
2024-08-30 16:20:08 [[32minfo[39m]: Server running on port 3000
2024-08-30 16:20:44 [[31merror[39m]: Error creating ticket: invalid input syntax for type integer: "0f16243a-6623-4c51-893d-2f3c7f37e92c"
2024-08-30 16:22:22 [[32minfo[39m]: Database connected successfully.
2024-08-30 16:22:22 [[32minfo[39m]: Server running on port 3000
2024-08-30 16:22:31 [[31merror[39m]: Error creating ticket: invalid input syntax for type integer: "8a7408db-0cfc-4e01-9c98-77f472a6e438"
2024-08-30 16:23:50 [[32minfo[39m]: Database connected successfully.
2024-08-30 16:23:50 [[32minfo[39m]: Server running on port 3000
2024-08-30 16:24:13 [[32minfo[39m]: Database connected successfully.
2024-08-30 16:24:13 [[32minfo[39m]: Server running on port 3000
2024-08-30 16:24:18 [[31merror[39m]: Error creating ticket: invalid input syntax for type integer: "6249bfe0-a7fb-4ff9-8e6a-2fb0dce1f1c0"
2024-08-30 16:24:52 [[32minfo[39m]: Database connected successfully.
2024-08-30 16:24:52 [[32minfo[39m]: Server running on port 3000
2024-08-30 16:24:57 [[32minfo[39m]: Creating a new ticket
2024-08-30 16:31:03 [[32minfo[39m]: Database connected successfully.
2024-08-30 16:31:03 [[32minfo[39m]: Server running on port 3000
2024-08-30 16:31:14 [[31merror[39m]: Error creating ticket: notNull Violation: Ticket.userId cannot be null
2024-08-30 16:32:21 [[32minfo[39m]: Database connected successfully.
2024-08-30 16:32:21 [[32minfo[39m]: Server running on port 3000
2024-09-04 23:18:00 [[32minfo[39m]: Database connected successfully.
2024-09-04 23:18:00 [[32minfo[39m]: Server running on port 3000
2024-09-04 23:18:08 [[32minfo[39m]: Listing all tickets
2024-09-04 23:19:52 [[32minfo[39m]: Creating a new ticket
2024-09-04 23:22:14 [[32minfo[39m]: Listing all tickets
2024-09-04 23:23:10 [[32minfo[39m]: Listing all tickets
2024-09-05 14:02:31 [[32minfo[39m]: Database connected successfully.
2024-09-05 14:02:31 [[32minfo[39m]: Server running on port 3000
2024-09-05 14:14:32 [[32minfo[39m]: Database connected successfully.
2024-09-05 14:14:32 [[32minfo[39m]: Server running on port 3000
2024-09-05 14:14:41 [[31merror[39m]: Error creating ticket: notNull Violation: Ticket.userId cannot be null
2024-09-05 14:15:38 [[32minfo[39m]: Database connected successfully.
2024-09-05 14:15:38 [[32minfo[39m]: Server running on port 3000
2024-09-05 14:15:45 [[31merror[39m]: Error creating ticket: notNull Violation: Ticket.userId cannot be null
2024-09-05 14:21:27 [[32minfo[39m]: Database connected successfully.
2024-09-05 14:21:27 [[32minfo[39m]: Server running on port 3000
2024-09-05 14:21:32 [[31merror[39m]: Error creating ticket: userId is not defined
2024-09-05 14:22:03 [[32minfo[39m]: Database connected successfully.
2024-09-05 14:22:04 [[32minfo[39m]: Server running on port 3000
2024-09-05 14:22:09 [[32minfo[39m]: Creating a new ticket
2024-09-05 17:05:02 [[32minfo[39m]: Database connected successfully.
2024-09-05 17:05:02 [[32minfo[39m]: Server running on port 3000
2024-09-05 17:47:16 [[32minfo[39m]: Database connected successfully.
2024-09-05 17:47:16 [[32minfo[39m]: Server running on port 3000
2024-09-05 18:03:13 [[32minfo[39m]: Database connected successfully.
2024-09-05 18:03:13 [[32minfo[39m]: Server running on port 3000
2024-09-05 18:08:37 [[32minfo[39m]: Database connected successfully.
2024-09-05 18:08:37 [[32minfo[39m]: Server running on port 3000
2024-09-05 18:08:47 [[32minfo[39m]: Listing all tickets
2024-09-05 18:13:31 [[32minfo[39m]: Creating a new ticket
2024-09-05 18:15:14 [[32minfo[39m]: Database connected successfully.
2024-09-05 18:15:14 [[32minfo[39m]: Server running on port 3001
2024-09-05 18:21:54 [[32minfo[39m]: Database connected successfully.
2024-09-05 18:21:54 [[32minfo[39m]: Server running on port 3001
2024-09-05 18:23:39 [[32minfo[39m]: Database connected successfully.
2024-09-05 18:23:39 [[32minfo[39m]: Server running on port 3001
2024-09-05 19:21:25 [[32minfo[39m]: Database connected successfully.
2024-09-05 19:21:25 [[32minfo[39m]: Server running on port 3001
2024-09-05 19:25:53 [[32minfo[39m]: Database connected successfully.
2024-09-05 19:25:53 [[32minfo[39m]: Server running on port 3001
2024-09-05 19:29:17 [[32minfo[39m]: Database connected successfully.
2024-09-05 19:29:17 [[32minfo[39m]: Server running on port 3001
2024-09-05 19:29:49 [[32minfo[39m]: Database connected successfully.
2024-09-05 19:29:49 [[32minfo[39m]: Server running on port 3001
2024-09-05 19:47:54 [[32minfo[39m]: Database connected successfully.
2024-09-05 19:47:54 [[32minfo[39m]: Server running on port 3001
2024-09-05 19:51:49 [[32minfo[39m]: Database connected successfully.
2024-09-05 19:51:49 [[32minfo[39m]: Server running on port 3001
2024-09-05 19:54:14 [[32minfo[39m]: Creating a new ticket
2024-09-05 20:47:58 [[32minfo[39m]: Creating a new ticket
2024-09-05 21:22:40 [[32minfo[39m]: Creating a new ticket
2024-09-05 21:23:17 [[32minfo[39m]: Creating a new ticket
2024-09-05 22:31:14 [[32minfo[39m]: Creating a new ticket
2024-09-05 22:32:29 [[32minfo[39m]: Creating a new ticket
2024-09-05 22:35:28 [[32minfo[39m]: Creating a new ticket
2024-09-05 22:36:09 [[32minfo[39m]: Creating a new ticket
2024-09-05 22:38:34 [[32minfo[39m]: Creating a new ticket
2024-09-05 22:41:31 [[32minfo[39m]: Listing all tickets
2024-09-05 23:04:00 [[31merror[39m]: Unable to connect to the database: connect ETIMEDOUT 127.0.0.1:5432
2024-09-05 23:11:52 [[31merror[39m]: Unable to connect to the database: connect ETIMEDOUT 127.0.0.1:5432
2024-09-05 23:15:55 [[32minfo[39m]: Database connected successfully.
2024-09-05 23:15:55 [[32minfo[39m]: Server running on port 3001
2024-09-05 23:26:14 [[32minfo[39m]: Creating a new ticket
2024-09-05 23:48:07 [[32minfo[39m]: Creating a new ticket
2024-09-05 23:50:30 [[32minfo[39m]: Database connected successfully.
2024-09-05 23:50:30 [[32minfo[39m]: Server running on port 3001
2024-09-05 23:51:23 [[32minfo[39m]: Database connected successfully.
2024-09-05 23:51:23 [[32minfo[39m]: Server running on port 3001
2024-09-06 00:01:40 [[32minfo[39m]: Creating a new ticket
2024-09-06 00:30:21 [[32minfo[39m]: Database connected successfully.
2024-09-06 00:30:21 [[32minfo[39m]: Server running on port 3001
2024-09-06 00:31:12 [[32minfo[39m]: Database connected successfully.
2024-09-06 00:31:12 [[32minfo[39m]: Server running on port 3001
2024-09-06 11:06:35 [[32minfo[39m]: Database connected successfully.
2024-09-06 11:06:35 [[32minfo[39m]: Server running on port 3001
2024-09-06 13:23:33 [[32minfo[39m]: Database connected successfully.
2024-09-06 13:23:33 [[32minfo[39m]: Server running on port 3001
2024-09-06 13:26:13 [[32minfo[39m]: Creating a new ticket
2024-09-06 13:26:38 [[32minfo[39m]: Creating a new ticket
2024-09-06 14:00:05 [[32minfo[39m]: Creating a new ticket
2024-09-06 14:28:13 [[32minfo[39m]: Creating a new ticket
2024-09-06 14:29:22 [[32minfo[39m]: Listing all tickets
2024-09-06 14:40:00 [[32minfo[39m]: Listing all tickets
2024-09-06 14:41:10 [[32minfo[39m]: Listing all tickets
2024-09-06 14:42:43 [[32minfo[39m]: Listing all tickets
2024-09-06 14:49:20 [[32minfo[39m]: Creating a new ticket
2024-09-06 15:01:39 [[32minfo[39m]: Creating a new ticket
2024-09-06 15:02:31 [[32minfo[39m]: Creating a new ticket
2024-09-06 15:04:46 [[32minfo[39m]: Listing all tickets
2024-09-06 15:05:27 [[32minfo[39m]: Listing all tickets
2024-09-06 15:08:34 [[32minfo[39m]: Database connected successfully.
2024-09-06 15:08:34 [[32minfo[39m]: Server running on port 3001
2024-09-06 15:08:37 [[32minfo[39m]: Listing all tickets
2024-09-06 15:20:38 [[32minfo[39m]: Creating a new ticket
2024-09-06 15:22:02 [[32minfo[39m]: Listing all tickets
2024-09-06 15:43:30 [[32minfo[39m]: Creating a new ticket
2024-09-06 15:56:19 [[32minfo[39m]: Listing all tickets
2024-09-06 16:03:15 [[32minfo[39m]: Creating a new ticket
2024-09-09 15:23:59 [[32minfo[39m]: Database connected successfully.
2024-09-09 15:24:00 [[32minfo[39m]: Server running on port 3001
2024-09-09 15:27:08 [[32minfo[39m]: Creating a new ticket
2024-09-09 15:55:20 [[32minfo[39m]: Database connected successfully.
2024-09-09 15:55:20 [[32minfo[39m]: Server running on port 3001
2024-09-09 18:19:12 [[32minfo[39m]: Creating a new ticket
2024-09-09 18:35:12 [[32minfo[39m]: Listing all tickets
2024-09-09 18:35:47 [[32minfo[39m]: Database connected successfully.
2024-09-09 18:35:47 [[32minfo[39m]: Server running on port 3001
2024-09-09 18:52:03 [[32minfo[39m]: Database connected successfully.
2024-09-09 18:52:03 [[32minfo[39m]: Server running on port 3001
2024-09-09 23:53:41 [[32minfo[39m]: Database connected successfully.
2024-09-09 23:53:41 [[32minfo[39m]: Server running on port 3001
2024-09-10 00:03:46 [[32minfo[39m]: Creating a new ticket
2024-09-10 11:19:06 [[32minfo[39m]: Database connected successfully.
2024-09-10 11:19:06 [[32minfo[39m]: Server running on port 3001
2024-09-11 10:41:55 [[32minfo[39m]: Database connected successfully.
2024-09-11 10:41:55 [[32minfo[39m]: Server running on port 3001
2024-09-11 12:03:26 [[32minfo[39m]: Database connected successfully.
2024-09-11 12:03:26 [[32minfo[39m]: Server running on port 3001
2024-09-11 12:39:06 [[32minfo[39m]: Database connected successfully.
2024-09-11 12:39:06 [[32minfo[39m]: Server running on port 3001
2024-09-11 12:46:54 [[32minfo[39m]: Database connected successfully.
2024-09-11 12:46:54 [[32minfo[39m]: Server running on port 3001
2024-09-11 14:34:37 [[32minfo[39m]: Database connected successfully.
2024-09-11 14:34:37 [[32minfo[39m]: Server running on port 3001
2024-09-11 14:42:53 [[32minfo[39m]: Database connected successfully.
2024-09-11 14:42:53 [[32minfo[39m]: Server running on port 3001
2024-09-11 14:59:10 [[32minfo[39m]: Database connected successfully.
2024-09-11 14:59:10 [[32minfo[39m]: Server running on port 3001
2024-09-11 15:09:18 [[32minfo[39m]: Database connected successfully.
2024-09-11 15:09:18 [[32minfo[39m]: Server running on port 3001
2024-09-11 15:10:10 [[32minfo[39m]: Database connected successfully.
2024-09-11 15:10:10 [[32minfo[39m]: Server running on port 3001
2024-09-11 15:12:08 [[32minfo[39m]: Database connected successfully.
2024-09-11 15:12:08 [[32minfo[39m]: Server running on port 3001
2024-09-11 15:13:06 [[32minfo[39m]: Database connected successfully.
2024-09-11 15:13:06 [[32minfo[39m]: Server running on port 3001
2024-09-11 15:21:09 [[32minfo[39m]: Database connected successfully.
2024-09-11 15:21:09 [[32minfo[39m]: Server running on port 3001
2024-09-11 15:21:34 [[32minfo[39m]: Database connected successfully.
2024-09-11 15:21:34 [[32minfo[39m]: Server running on port 3001
2024-09-12 12:27:14 [[32minfo[39m]: Creating a new ticket
2024-09-12 13:30:00 [[32minfo[39m]: Database connected successfully.
2024-09-12 13:30:00 [[32minfo[39m]: Server running on port 3001
2024-09-12 13:30:22 [[32minfo[39m]: Creating a new ticket
2024-09-12 13:31:30 [[32minfo[39m]: Database connected successfully.
2024-09-12 13:31:30 [[32minfo[39m]: Server running on port 3001
2024-09-12 13:31:39 [[32minfo[39m]: Creating a new ticket
2024-09-12 13:34:11 [[32minfo[39m]: Creating a new ticket
2024-09-12 13:35:33 [[32minfo[39m]: Database connected successfully.
2024-09-12 13:35:33 [[32minfo[39m]: Server running on port 3001
2024-09-12 13:35:50 [[32minfo[39m]: Creating a new ticket
2024-09-12 17:37:51 [[32minfo[39m]: Database connected successfully.
2024-09-12 17:37:51 [[32minfo[39m]: Server running on port 3001
2024-09-12 18:28:58 [[32minfo[39m]: Database connected successfully.
2024-09-12 18:28:58 [[32minfo[39m]: Server running on port 3001
2024-09-12 18:37:31 [[32minfo[39m]: Database connected successfully.
2024-09-12 18:37:31 [[32minfo[39m]: Server running on port 3001
2024-09-12 18:38:47 [[32minfo[39m]: Database connected successfully.
2024-09-12 18:38:47 [[32minfo[39m]: Server running on port 3001
2024-09-12 18:54:36 [[32minfo[39m]: Database connected successfully.
2024-09-12 18:54:36 [[32minfo[39m]: Server running on port 3001
2024-09-12 19:07:35 [[32minfo[39m]: Database connected successfully.
2024-09-12 19:07:35 [[32minfo[39m]: Server running on port 3001
2024-09-12 19:57:56 [[32minfo[39m]: Database connected successfully.
2024-09-12 19:57:56 [[32minfo[39m]: Server running on port 3001
2024-09-12 19:59:02 [[32minfo[39m]: Database connected successfully.
2024-09-12 19:59:02 [[32minfo[39m]: Server running on port 3001
2024-09-12 20:04:21 [[32minfo[39m]: Database connected successfully.
2024-09-12 20:04:21 [[32minfo[39m]: Server running on port 3001
2024-09-12 20:07:08 [[32minfo[39m]: Database connected successfully.
2024-09-12 20:07:08 [[32minfo[39m]: Server running on port 3001
2024-09-12 20:10:26 [[32minfo[39m]: Database connected successfully.
2024-09-12 20:10:26 [[32minfo[39m]: Server running on port 3001
2024-09-13 12:20:06 [[32minfo[39m]: Database connected successfully.
2024-09-13 12:20:06 [[32minfo[39m]: Server running on port 3001
2024-09-13 15:37:30 [[32minfo[39m]: Database connected successfully.
2024-09-13 15:37:30 [[32minfo[39m]: Server running on port 3001
2024-09-13 15:49:28 [[32minfo[39m]: Database connected successfully.
2024-09-13 15:49:28 [[32minfo[39m]: Server running on port 3001
2024-09-13 16:08:07 [[31merror[39m]: Unable to connect to the database: connect ETIMEDOUT 127.0.0.1:5432
2024-09-13 16:19:42 [[32minfo[39m]: Database connected successfully.
2024-09-13 16:19:42 [[32minfo[39m]: Server running on port 3001
2024-09-13 16:20:45 [[32minfo[39m]: Database connected successfully.
2024-09-13 16:20:45 [[32minfo[39m]: Server running on port 3001
2024-09-13 16:28:49 [[32minfo[39m]: Database connected successfully.
2024-09-13 16:28:49 [[32minfo[39m]: Server running on port 3001
2024-09-13 16:30:15 [[32minfo[39m]: Database connected successfully.
2024-09-13 16:30:15 [[32minfo[39m]: Server running on port 3001
2024-09-13 16:48:05 [[32minfo[39m]: Database connected successfully.
2024-09-13 16:48:05 [[32minfo[39m]: Server running on port 3001
2024-09-13 16:48:10 [[32minfo[39m]: Database connected successfully.
2024-09-13 16:48:10 [[32minfo[39m]: Server running on port 3001
2024-09-13 17:02:30 [[32minfo[39m]: Database connected successfully.
2024-09-13 17:02:30 [[32minfo[39m]: Server running on port 3001
2024-09-13 17:06:46 [[32minfo[39m]: Database connected successfully.
2024-09-13 17:06:46 [[32minfo[39m]: Server running on port 3001
2024-09-13 17:09:55 [[32minfo[39m]: Database connected successfully.
2024-09-13 17:09:55 [[32minfo[39m]: Server running on port 3001
2024-09-13 17:10:09 [[32minfo[39m]: Database connected successfully.
2024-09-13 17:10:09 [[32minfo[39m]: Server running on port 3001
2024-09-13 17:10:36 [[32minfo[39m]: Database connected successfully.
2024-09-13 17:10:36 [[32minfo[39m]: Server running on port 3001
2024-09-13 17:16:59 [[32minfo[39m]: Database connected successfully.
2024-09-13 17:16:59 [[32minfo[39m]: Server running on port 3001
2024-09-13 17:18:09 [[32minfo[39m]: Database connected successfully.
2024-09-13 17:18:09 [[32minfo[39m]: Server running on port 3001
2024-09-13 17:19:11 [[32minfo[39m]: Database connected successfully.
2024-09-13 17:19:11 [[32minfo[39m]: Server running on port 3001
2024-09-13 17:21:57 [[32minfo[39m]: Database connected successfully.
2024-09-13 17:21:57 [[32minfo[39m]: Server running on port 3001
2024-09-13 17:24:20 [[32minfo[39m]: Database connected successfully.
2024-09-13 17:24:20 [[32minfo[39m]: Server running on port 3001
2024-09-13 17:33:31 [[32minfo[39m]: Database connected successfully.
2024-09-13 17:33:31 [[32minfo[39m]: Server running on port 3001
2024-09-13 17:38:42 [[32minfo[39m]: Database connected successfully.
2024-09-13 17:38:43 [[32minfo[39m]: Server running on port 3001
2024-09-13 19:56:20 [[31merror[39m]: Unable to connect to the database: connect ETIMEDOUT 127.0.0.1:5432
2024-09-13 19:56:41 [[32minfo[39m]: Database connected successfully.
2024-09-13 19:56:41 [[32minfo[39m]: Server running on port 3001
2024-09-14 16:48:59 [[32minfo[39m]: Database connected successfully.
2024-09-14 16:48:59 [[32minfo[39m]: Server running on port 3001
2024-09-14 17:10:08 [[32minfo[39m]: Database connected successfully.
2024-09-14 17:10:08 [[32minfo[39m]: Server running on port 3001
2024-09-14 17:10:15 [[32minfo[39m]: Database connected successfully.
2024-09-14 17:10:15 [[32minfo[39m]: Server running on port 3001
2024-09-14 20:00:49 [[32minfo[39m]: Database connected successfully.
2024-09-14 20:00:49 [[32minfo[39m]: Server running on port 3001
2024-09-14 22:31:32 [[32minfo[39m]: Database connected successfully.
2024-09-14 22:31:32 [[32minfo[39m]: Server running on port 3001
2024-09-16 13:22:31 [[32minfo[39m]: Database connected successfully.
2024-09-16 13:22:31 [[32minfo[39m]: Server running on port 3001
2024-09-16 13:33:50 [[32minfo[39m]: Database connected successfully.
2024-09-16 13:33:50 [[32minfo[39m]: Server running on port 3001
2024-09-16 13:34:39 [[32minfo[39m]: Database connected successfully.
2024-09-16 13:34:39 [[32minfo[39m]: Server running on port 3001
2024-09-16 13:41:55 [[32minfo[39m]: Database connected successfully.
2024-09-16 13:41:55 [[32minfo[39m]: Server running on port 3001
2024-09-16 13:43:43 [[32minfo[39m]: Database connected successfully.
2024-09-16 13:43:43 [[32minfo[39m]: Server running on port 3001
2024-09-16 13:54:46 [[32minfo[39m]: Database connected successfully.
2024-09-16 13:54:46 [[32minfo[39m]: Server running on port 3001
2024-09-16 14:02:13 [[32minfo[39m]: Database connected successfully.
2024-09-16 14:02:13 [[32minfo[39m]: Server running on port 3001
2024-09-16 14:07:25 [[32minfo[39m]: Database connected successfully.
2024-09-16 14:07:25 [[32minfo[39m]: Server running on port 3001
2024-09-16 14:20:56 [[32minfo[39m]: Database connected successfully.
2024-09-16 14:20:56 [[32minfo[39m]: Server running on port 3001
2024-09-17 13:11:53 [[32minfo[39m]: Database connected successfully.
2024-09-17 13:11:53 [[32minfo[39m]: Server running on port 3001
2024-09-17 14:43:39 [[32minfo[39m]: Database connected successfully.
2024-09-17 14:43:39 [[32minfo[39m]: Server running on port 3001
2024-09-17 15:23:58 [[32minfo[39m]: Listing all tickets
2024-09-17 15:44:12 [[32minfo[39m]: Database connected successfully.
2024-09-17 15:44:12 [[32minfo[39m]: Server running on port 3001
2024-09-17 15:44:29 [[32minfo[39m]: Creating a new ticket
2024-09-18 17:49:44 [[32minfo[39m]: Database connected successfully.
2024-09-18 17:49:44 [[32minfo[39m]: Server running on port 3001
2024-09-18 17:59:23 [[32minfo[39m]: Listing all tickets
2024-09-18 18:06:01 [[32minfo[39m]: Database connected successfully.
2024-09-18 18:06:02 [[32minfo[39m]: Server running on port 3001
2024-09-18 18:06:33 [[32minfo[39m]: Database connected successfully.
2024-09-18 18:06:33 [[32minfo[39m]: Server running on port 3001
2024-09-18 18:07:06 [[32minfo[39m]: Listing all tickets
2024-09-18 22:23:36 [[32minfo[39m]: Listing all tickets
2024-09-18 22:23:36 [[32minfo[39m]: Listing all tickets
2024-09-18 22:23:46 [[32minfo[39m]: Listing all tickets
2024-09-18 22:23:46 [[32minfo[39m]: Listing all tickets
2024-09-18 22:24:10 [[32minfo[39m]: Listing all tickets
2024-09-18 22:24:10 [[32minfo[39m]: Listing all tickets
2024-09-19 00:07:42 [[32minfo[39m]: Listing all tickets
2024-09-19 00:07:42 [[32minfo[39m]: Listing all tickets
2024-09-19 00:09:32 [[32minfo[39m]: Listing all tickets
2024-09-19 00:09:58 [[32minfo[39m]: Listing all tickets
2024-09-19 00:09:58 [[32minfo[39m]: Listing all tickets
2024-09-19 00:10:12 [[32minfo[39m]: Listing all tickets
2024-09-19 00:10:12 [[32minfo[39m]: Listing all tickets
2024-09-19 00:11:41 [[32minfo[39m]: Listing all tickets
2024-09-19 00:11:41 [[32minfo[39m]: Listing all tickets
2024-09-19 00:11:46 [[32minfo[39m]: Listing all tickets
2024-09-19 00:11:46 [[32minfo[39m]: Listing all tickets
2024-09-19 00:11:55 [[32minfo[39m]: Listing all tickets
2024-09-19 00:11:55 [[32minfo[39m]: Listing all tickets
2024-09-19 00:12:05 [[32minfo[39m]: Listing all tickets
2024-09-19 00:12:05 [[32minfo[39m]: Listing all tickets
2024-09-19 00:13:00 [[32minfo[39m]: Listing all tickets
2024-09-19 00:13:12 [[32minfo[39m]: Listing all tickets
2024-09-19 00:13:12 [[32minfo[39m]: Listing all tickets
2024-09-19 00:13:50 [[32minfo[39m]: Listing all tickets
2024-09-19 00:13:53 [[32minfo[39m]: Listing all tickets
2024-09-19 00:13:53 [[32minfo[39m]: Listing all tickets
2024-09-19 00:15:43 [[32minfo[39m]: Listing all tickets
2024-09-19 00:15:50 [[32minfo[39m]: Listing all tickets
2024-09-19 00:15:50 [[32minfo[39m]: Listing all tickets
2024-09-19 00:16:14 [[32minfo[39m]: Listing all tickets
2024-09-19 00:16:20 [[32minfo[39m]: Listing all tickets
2024-09-19 00:16:20 [[32minfo[39m]: Listing all tickets
2024-09-19 00:23:33 [[32minfo[39m]: Listing all tickets
2024-09-19 00:23:33 [[32minfo[39m]: Listing all tickets
2024-09-19 00:24:44 [[32minfo[39m]: Listing all tickets
2024-09-19 00:24:52 [[32minfo[39m]: Listing all tickets
2024-09-19 00:24:52 [[32minfo[39m]: Listing all tickets
2024-09-19 00:36:29 [[32minfo[39m]: Listing all tickets
2024-09-19 00:36:29 [[32minfo[39m]: Listing all tickets
2024-09-19 00:45:42 [[32minfo[39m]: Listing all tickets
2024-09-19 00:49:31 [[32minfo[39m]: Listing all tickets
2024-09-19 00:49:46 [[32minfo[39m]: Listing all tickets
2024-09-19 00:49:46 [[32minfo[39m]: Listing all tickets
2024-09-19 00:50:16 [[32minfo[39m]: Listing all tickets
2024-09-19 00:50:16 [[32minfo[39m]: Listing all tickets
2024-09-19 00:51:11 [[32minfo[39m]: Listing all tickets
2024-09-19 13:45:40 [[32minfo[39m]: Listing all tickets
2024-09-19 13:45:40 [[32minfo[39m]: Listing all tickets
2024-09-19 13:45:53 [[32minfo[39m]: Listing all tickets
2024-09-19 13:45:53 [[32minfo[39m]: Listing all tickets
2024-09-19 13:46:46 [[32minfo[39m]: Listing all tickets
2024-09-19 13:46:46 [[32minfo[39m]: Listing all tickets
2024-09-19 14:08:08 [[32minfo[39m]: Listing all tickets
2024-09-19 14:08:22 [[32minfo[39m]: Listing all tickets
2024-09-19 14:08:22 [[32minfo[39m]: Listing all tickets
2024-09-19 14:13:26 [[32minfo[39m]: Listing all tickets
2024-09-19 14:13:26 [[32minfo[39m]: Listing all tickets
2024-09-19 14:50:37 [[32minfo[39m]: Listing all tickets
2024-09-19 14:50:37 [[32minfo[39m]: Listing all tickets
2024-09-19 14:51:53 [[32minfo[39m]: Listing all tickets
2024-09-19 14:52:03 [[32minfo[39m]: Listing all tickets
2024-09-19 14:52:03 [[32minfo[39m]: Listing all tickets
2024-09-19 14:54:57 [[32minfo[39m]: Listing all tickets
2024-09-19 14:54:57 [[32minfo[39m]: Listing all tickets
2024-09-19 14:55:42 [[32minfo[39m]: Listing all tickets
2024-09-19 14:55:46 [[32minfo[39m]: Listing all tickets
2024-09-19 14:55:46 [[32minfo[39m]: Listing all tickets
2024-09-19 14:57:09 [[32minfo[39m]: Listing all tickets
2024-09-19 14:57:22 [[32minfo[39m]: Listing all tickets
2024-09-19 14:59:22 [[32minfo[39m]: Listing all tickets
2024-09-19 14:59:49 [[32minfo[39m]: Listing all tickets
2024-09-19 14:59:53 [[32minfo[39m]: Listing all tickets
2024-09-19 14:59:53 [[32minfo[39m]: Listing all tickets
2024-09-19 15:03:29 [[32minfo[39m]: Listing all tickets
2024-09-19 15:07:31 [[32minfo[39m]: Listing all tickets
2024-09-19 15:07:37 [[32minfo[39m]: Listing all tickets
2024-09-19 15:07:37 [[32minfo[39m]: Listing all tickets
2024-09-19 15:13:04 [[32minfo[39m]: Listing all tickets
2024-09-19 15:13:04 [[32minfo[39m]: Listing all tickets
2024-09-19 15:13:49 [[32minfo[39m]: Listing all tickets
2024-09-19 15:13:49 [[32minfo[39m]: Listing all tickets
2024-09-19 15:13:57 [[32minfo[39m]: Listing all tickets
2024-09-19 15:13:57 [[32minfo[39m]: Listing all tickets
2024-09-19 15:14:59 [[32minfo[39m]: Listing all tickets
2024-09-19 15:14:59 [[32minfo[39m]: Listing all tickets
2024-09-19 15:15:20 [[32minfo[39m]: Listing all tickets
2024-09-19 15:15:20 [[32minfo[39m]: Listing all tickets
2024-09-19 15:16:06 [[32minfo[39m]: Listing all tickets
2024-09-19 15:16:06 [[32minfo[39m]: Listing all tickets
2024-09-19 15:21:36 [[32minfo[39m]: Listing all tickets
2024-09-19 15:22:08 [[32minfo[39m]: Listing all tickets
2024-09-19 15:25:03 [[32minfo[39m]: Listing all tickets
2024-09-19 15:25:06 [[32minfo[39m]: Listing all tickets
2024-09-19 15:25:06 [[32minfo[39m]: Listing all tickets
2024-09-19 15:27:28 [[32minfo[39m]: Listing all tickets
2024-09-19 15:27:35 [[32minfo[39m]: Listing all tickets
2024-09-19 15:27:35 [[32minfo[39m]: Listing all tickets
2024-09-19 15:29:51 [[32minfo[39m]: Listing all tickets
2024-09-19 15:35:12 [[32minfo[39m]: Listing all tickets
2024-09-19 15:35:12 [[32minfo[39m]: Listing all tickets
2024-09-19 15:36:36 [[32minfo[39m]: Listing all tickets
2024-09-19 15:36:36 [[32minfo[39m]: Listing all tickets
2024-09-19 15:38:35 [[32minfo[39m]: Listing all tickets
2024-09-19 15:38:35 [[32minfo[39m]: Listing all tickets
2024-09-19 15:38:47 [[32minfo[39m]: Listing all tickets
2024-09-19 15:38:47 [[32minfo[39m]: Listing all tickets
2024-09-20 11:54:06 [[32minfo[39m]: Listing all tickets
2024-09-20 11:54:06 [[32minfo[39m]: Listing all tickets
2024-09-20 12:11:24 [[32minfo[39m]: Listing all tickets
2024-09-20 12:11:24 [[32minfo[39m]: Listing all tickets
2024-09-20 12:51:38 [[32minfo[39m]: Listing all tickets
2024-09-20 12:52:43 [[32minfo[39m]: Listing all tickets
2024-09-20 12:52:43 [[32minfo[39m]: Listing all tickets
2024-09-20 12:53:23 [[32minfo[39m]: Listing all tickets
2024-09-20 12:53:23 [[32minfo[39m]: Listing all tickets
2024-09-20 12:53:38 [[32minfo[39m]: Listing all tickets
2024-09-20 12:53:38 [[32minfo[39m]: Listing all tickets
2024-09-20 12:54:04 [[32minfo[39m]: Listing all tickets
2024-09-20 12:54:04 [[32minfo[39m]: Listing all tickets
2024-09-20 12:54:28 [[32minfo[39m]: Listing all tickets
2024-09-20 12:54:28 [[32minfo[39m]: Listing all tickets
2024-09-20 13:09:35 [[32minfo[39m]: Listing all tickets
2024-09-20 13:09:35 [[32minfo[39m]: Listing all tickets
2024-09-20 16:19:14 [[32minfo[39m]: Database connected successfully.
2024-09-20 16:19:14 [[32minfo[39m]: Server running on port 3001
2024-09-20 19:45:46 [[32minfo[39m]: Creating a new ticket
2024-09-20 19:49:55 [[32minfo[39m]: Listing all tickets
2024-09-20 19:49:55 [[32minfo[39m]: Listing all tickets
2024-09-20 19:50:38 [[32minfo[39m]: Listing all tickets
2024-09-20 19:50:38 [[32minfo[39m]: Listing all tickets
2024-09-20 19:52:32 [[32minfo[39m]: Listing all tickets
2024-09-20 19:52:32 [[32minfo[39m]: Listing all tickets
2024-09-20 19:53:32 [[32minfo[39m]: Listing all tickets
2024-09-20 19:53:39 [[32minfo[39m]: Listing all tickets
2024-09-20 19:53:39 [[32minfo[39m]: Listing all tickets
2024-09-20 19:57:55 [[32minfo[39m]: Listing all tickets
2024-09-20 19:58:03 [[32minfo[39m]: Listing all tickets
2024-09-20 19:58:03 [[32minfo[39m]: Listing all tickets
2024-09-20 20:01:42 [[32minfo[39m]: Listing all tickets
2024-09-20 20:02:22 [[32minfo[39m]: Listing all tickets
2024-09-20 20:02:29 [[32minfo[39m]: Listing all tickets
2024-09-20 20:11:03 [[32minfo[39m]: Listing all tickets
2024-09-20 20:13:45 [[32minfo[39m]: Listing all tickets
2024-09-20 20:14:40 [[32minfo[39m]: Listing all tickets
2024-09-20 20:18:26 [[32minfo[39m]: Listing all tickets
2024-09-20 20:18:40 [[32minfo[39m]: Listing all tickets
2024-09-20 20:21:49 [[32minfo[39m]: Listing all tickets
2024-09-20 20:21:49 [[32minfo[39m]: Listing all tickets
2024-09-20 20:23:04 [[32minfo[39m]: Listing all tickets
2024-09-20 20:23:04 [[32minfo[39m]: Listing all tickets
2024-09-20 20:27:38 [[32minfo[39m]: Listing all tickets
2024-09-20 20:27:38 [[32minfo[39m]: Listing all tickets
2024-09-20 22:09:16 [[32minfo[39m]: Listing all tickets
2024-09-20 22:09:16 [[32minfo[39m]: Listing all tickets
2024-09-20 22:34:19 [[32minfo[39m]: Listing all tickets
2024-09-20 22:34:19 [[32minfo[39m]: Listing all tickets
2024-09-20 22:42:02 [[32minfo[39m]: Listing all tickets
2024-09-20 22:43:12 [[32minfo[39m]: Listing all tickets
2024-09-20 22:48:08 [[32minfo[39m]: Listing all tickets
2024-09-20 22:48:08 [[32minfo[39m]: Listing all tickets
2024-09-20 22:49:19 [[32minfo[39m]: Listing all tickets
2024-09-20 22:49:57 [[32minfo[39m]: Listing all tickets
2024-09-20 22:50:02 [[32minfo[39m]: Listing all tickets
2024-09-20 22:50:19 [[32minfo[39m]: Listing all tickets
2024-09-20 22:50:29 [[32minfo[39m]: Listing all tickets
2024-09-20 22:50:29 [[32minfo[39m]: Listing all tickets
2024-09-20 22:52:47 [[32minfo[39m]: Listing all tickets
2024-09-20 22:52:47 [[32minfo[39m]: Listing all tickets
2024-09-20 22:53:17 [[32minfo[39m]: Listing all tickets
2024-09-20 22:54:19 [[32minfo[39m]: Listing all tickets
2024-09-20 22:54:33 [[32minfo[39m]: Listing all tickets
2024-09-20 22:56:14 [[32minfo[39m]: Listing all tickets
2024-09-20 22:56:14 [[32minfo[39m]: Listing all tickets
2024-09-20 22:56:30 [[32minfo[39m]: Listing all tickets
2024-09-20 23:08:29 [[32minfo[39m]: Listing all tickets
2024-09-20 23:08:29 [[32minfo[39m]: Listing all tickets
2024-09-20 23:39:12 [[32minfo[39m]: Listing all tickets
2024-09-20 23:39:12 [[32minfo[39m]: Listing all tickets
2024-09-20 23:43:52 [[32minfo[39m]: Listing all tickets
2024-09-20 23:43:52 [[32minfo[39m]: Listing all tickets
2024-09-20 23:48:05 [[32minfo[39m]: Creating a new ticket
2024-09-20 23:48:19 [[32minfo[39m]: Listing all tickets
2024-09-20 23:48:19 [[32minfo[39m]: Listing all tickets
2024-09-20 23:49:25 [[32minfo[39m]: Listing all tickets
2024-09-20 23:49:25 [[32minfo[39m]: Listing all tickets
2024-09-20 23:52:41 [[32minfo[39m]: Listing all tickets
2024-09-20 23:53:05 [[32minfo[39m]: Listing all tickets
2024-09-20 23:53:05 [[32minfo[39m]: Listing all tickets
2024-09-20 23:53:35 [[32minfo[39m]: Listing all tickets
2024-09-20 23:53:35 [[32minfo[39m]: Listing all tickets
2024-09-20 23:54:31 [[32minfo[39m]: Creating a new ticket
2024-09-20 23:54:37 [[32minfo[39m]: Listing all tickets
2024-09-20 23:54:37 [[32minfo[39m]: Listing all tickets
2024-09-21 00:00:38 [[32minfo[39m]: Database connected successfully.
2024-09-21 00:00:38 [[32minfo[39m]: Server running on port 3001
2024-09-21 00:01:03 [[31merror[39m]: Error creating ticket: column "closerMarks" does not exist
2024-09-21 00:01:48 [[32minfo[39m]: Database connected successfully.
2024-09-21 00:01:48 [[32minfo[39m]: Server running on port 3001
2024-09-21 00:03:42 [[32minfo[39m]: Database connected successfully.
2024-09-21 00:03:42 [[32minfo[39m]: Server running on port 3001
2024-09-21 00:04:53 [[32minfo[39m]: Listing all tickets
2024-09-21 00:04:53 [[32minfo[39m]: Listing all tickets
2024-09-21 00:15:46 [[32minfo[39m]: Listing all tickets
2024-09-21 00:16:28 [[32minfo[39m]: Listing all tickets
2024-09-21 00:17:35 [[32minfo[39m]: Listing all tickets
2024-09-21 00:17:52 [[32minfo[39m]: Listing all tickets
2024-09-21 00:17:52 [[32minfo[39m]: Listing all tickets
2024-09-21 00:17:56 [[32minfo[39m]: Listing all tickets
2024-09-21 00:17:56 [[32minfo[39m]: Listing all tickets
2024-09-21 00:18:58 [[32minfo[39m]: Database connected successfully.
2024-09-21 00:18:58 [[32minfo[39m]: Server running on port 3001
2024-09-21 00:22:46 [[32minfo[39m]: Database connected successfully.
2024-09-21 00:22:46 [[32minfo[39m]: Server running on port 3001
2024-09-21 00:24:32 [[32minfo[39m]: Database connected successfully.
2024-09-21 00:24:32 [[32minfo[39m]: Server running on port 3001
2024-09-21 00:24:40 [[32minfo[39m]: Listing all tickets
2024-09-21 00:24:40 [[32minfo[39m]: Listing all tickets
2024-09-21 00:24:45 [[32minfo[39m]: Listing all tickets
2024-09-21 00:24:45 [[32minfo[39m]: Listing all tickets
2024-09-21 00:24:48 [[32minfo[39m]: Listing all tickets
2024-09-21 00:24:48 [[32minfo[39m]: Listing all tickets
2024-09-21 00:24:49 [[32minfo[39m]: Listing all tickets
2024-09-21 00:24:49 [[32minfo[39m]: Listing all tickets
2024-09-21 00:24:49 [[32minfo[39m]: Listing all tickets
2024-09-21 00:24:49 [[32minfo[39m]: Listing all tickets
2024-09-21 00:24:49 [[32minfo[39m]: Listing all tickets
2024-09-21 00:24:49 [[32minfo[39m]: Listing all tickets
2024-09-21 00:24:49 [[32minfo[39m]: Listing all tickets
2024-09-21 00:24:49 [[32minfo[39m]: Listing all tickets
2024-09-21 00:24:49 [[32minfo[39m]: Listing all tickets
2024-09-21 00:24:49 [[32minfo[39m]: Listing all tickets
2024-09-21 00:24:49 [[32minfo[39m]: Listing all tickets
2024-09-21 00:24:49 [[32minfo[39m]: Listing all tickets
2024-09-21 00:26:56 [[32minfo[39m]: Listing all tickets
2024-09-21 00:26:56 [[32minfo[39m]: Listing all tickets
2024-09-21 00:27:18 [[32minfo[39m]: Creating a new ticket
2024-09-21 00:27:22 [[32minfo[39m]: Listing all tickets
2024-09-21 00:27:22 [[32minfo[39m]: Listing all tickets
2024-09-21 00:31:17 [[32minfo[39m]: Listing all tickets
2024-09-21 00:31:17 [[32minfo[39m]: Listing all tickets
2024-09-21 00:42:39 [[32minfo[39m]: Listing all tickets
2024-09-21 00:42:39 [[32minfo[39m]: Listing all tickets
2024-09-21 00:43:49 [[32minfo[39m]: Listing all tickets
2024-09-21 00:43:49 [[32minfo[39m]: Listing all tickets
2024-09-21 00:44:01 [[32minfo[39m]: Listing all tickets
2024-09-21 00:44:01 [[32minfo[39m]: Listing all tickets
2024-09-21 00:59:58 [[32minfo[39m]: Listing all tickets
2024-09-21 00:59:58 [[32minfo[39m]: Listing all tickets
2024-09-21 01:05:35 [[32minfo[39m]: Listing all tickets
2024-09-21 01:05:35 [[32minfo[39m]: Listing all tickets
2024-09-21 01:07:19 [[32minfo[39m]: Listing all tickets
2024-09-21 01:07:38 [[32minfo[39m]: Listing all tickets
2024-09-21 01:07:59 [[32minfo[39m]: Listing all tickets
2024-09-21 01:07:59 [[32minfo[39m]: Listing all tickets
2024-09-21 01:08:58 [[32minfo[39m]: Listing all tickets
2024-09-21 01:09:23 [[32minfo[39m]: Listing all tickets
2024-09-21 01:10:01 [[32minfo[39m]: Listing all tickets
2024-09-21 01:10:01 [[32minfo[39m]: Listing all tickets
2024-09-21 01:10:29 [[32minfo[39m]: Listing all tickets
2024-09-21 01:10:29 [[32minfo[39m]: Listing all tickets
2024-09-21 01:13:49 [[32minfo[39m]: Listing all tickets
2024-09-21 01:13:49 [[32minfo[39m]: Listing all tickets
2024-09-21 01:15:12 [[32minfo[39m]: Database connected successfully.
2024-09-21 01:15:12 [[32minfo[39m]: Server running on port 3001
2024-09-21 01:17:02 [[32minfo[39m]: Listing all tickets
2024-09-21 01:17:02 [[32minfo[39m]: Listing all tickets
2024-09-21 01:18:52 [[32minfo[39m]: Listing all tickets
2024-09-21 01:18:52 [[32minfo[39m]: Listing all tickets
2024-09-21 01:19:32 [[32minfo[39m]: Creating a new ticket
2024-09-21 12:24:27 [[32minfo[39m]: Listing all tickets
2024-09-21 12:24:27 [[32minfo[39m]: Listing all tickets
2024-09-21 12:26:11 [[32minfo[39m]: Listing all tickets
2024-09-21 12:28:29 [[32minfo[39m]: Listing all tickets
2024-09-21 12:28:55 [[32minfo[39m]: Listing all tickets
2024-09-21 12:28:55 [[32minfo[39m]: Listing all tickets
2024-09-21 12:33:26 [[32minfo[39m]: Listing all tickets
2024-09-21 12:33:31 [[32minfo[39m]: Listing all tickets
2024-09-21 12:33:31 [[32minfo[39m]: Listing all tickets
2024-09-21 12:34:55 [[32minfo[39m]: Creating a new ticket
2024-09-21 12:35:01 [[32minfo[39m]: Listing all tickets
2024-09-21 12:35:01 [[32minfo[39m]: Listing all tickets
2024-09-21 13:37:04 [[32minfo[39m]: Listing all tickets
2024-09-21 13:37:04 [[32minfo[39m]: Listing all tickets
2024-09-21 13:37:26 [[32minfo[39m]: Listing all tickets
2024-09-21 13:37:26 [[32minfo[39m]: Listing all tickets
2024-09-21 13:37:53 [[32minfo[39m]: Listing all tickets
2024-09-24 16:29:36 [[32minfo[39m]: Database connected successfully.
2024-09-24 16:29:36 [[32minfo[39m]: Server running on port 3001
2024-09-24 16:36:37 [[32minfo[39m]: Creating a new ticket
2024-09-24 16:37:02 [[32minfo[39m]: Creating a new ticket
2024-09-24 16:44:41 [[32minfo[39m]: Listing all tickets
2024-09-24 16:44:41 [[32minfo[39m]: Listing all tickets
2024-09-24 16:46:33 [[32minfo[39m]: Listing all tickets
2024-09-24 16:46:33 [[32minfo[39m]: Listing all tickets
2024-09-24 16:47:24 [[32minfo[39m]: Listing all tickets
2024-09-24 16:47:24 [[32minfo[39m]: Listing all tickets
2024-09-24 17:43:53 [[32minfo[39m]: Listing all tickets
2024-09-24 17:43:53 [[32minfo[39m]: Listing all tickets
2024-09-24 17:44:23 [[32minfo[39m]: Listing all tickets
2024-09-24 17:44:23 [[32minfo[39m]: Listing all tickets
2024-09-24 17:44:50 [[32minfo[39m]: Listing all tickets
2024-09-24 17:44:50 [[32minfo[39m]: Listing all tickets
2024-09-24 17:49:16 [[32minfo[39m]: Listing all tickets
2024-09-24 17:49:16 [[32minfo[39m]: Listing all tickets
2024-09-24 17:51:03 [[32minfo[39m]: Listing all tickets
2024-09-24 17:51:03 [[32minfo[39m]: Listing all tickets
2024-09-24 17:52:05 [[32minfo[39m]: Listing all tickets
2024-09-24 17:52:05 [[32minfo[39m]: Listing all tickets
2024-09-24 17:52:05 [[32minfo[39m]: Listing all tickets
2024-09-24 17:53:45 [[32minfo[39m]: Listing all tickets
2024-09-24 17:53:45 [[32minfo[39m]: Listing all tickets
2024-09-24 17:53:45 [[32minfo[39m]: Listing all tickets
2024-09-24 17:54:21 [[32minfo[39m]: Listing all tickets
2024-09-24 17:54:21 [[32minfo[39m]: Listing all tickets
2024-09-24 17:56:39 [[32minfo[39m]: Listing all tickets
2024-09-24 17:56:39 [[32minfo[39m]: Listing all tickets
2024-09-24 17:56:52 [[32minfo[39m]: Listing all tickets
2024-09-24 17:56:52 [[32minfo[39m]: Listing all tickets
2024-09-24 17:59:15 [[32minfo[39m]: Listing all tickets
2024-09-24 17:59:15 [[32minfo[39m]: Listing all tickets
2024-09-24 18:02:57 [[32minfo[39m]: Listing all tickets
2024-09-24 18:02:57 [[32minfo[39m]: Listing all tickets
2024-09-24 18:02:57 [[32minfo[39m]: Listing all tickets
2024-09-24 18:03:04 [[32minfo[39m]: Listing all tickets
2024-09-24 18:03:04 [[32minfo[39m]: Listing all tickets
2024-09-24 18:05:07 [[32minfo[39m]: Listing all tickets
2024-09-24 18:05:07 [[32minfo[39m]: Listing all tickets
2024-09-24 18:06:57 [[32minfo[39m]: Listing all tickets
2024-09-24 18:06:57 [[32minfo[39m]: Listing all tickets
2024-09-24 18:07:41 [[32minfo[39m]: Listing all tickets
2024-09-24 18:07:41 [[32minfo[39m]: Listing all tickets
2024-09-24 18:07:42 [[32minfo[39m]: Listing all tickets
2024-09-24 18:10:15 [[32minfo[39m]: Listing all tickets
2024-09-24 18:10:15 [[32minfo[39m]: Listing all tickets
2024-09-24 18:10:24 [[32minfo[39m]: Listing all tickets
2024-09-24 18:10:24 [[32minfo[39m]: Listing all tickets
2024-09-24 18:10:41 [[32minfo[39m]: Listing all tickets
2024-09-24 18:10:41 [[32minfo[39m]: Listing all tickets
2024-09-24 18:10:50 [[32minfo[39m]: Listing all tickets
2024-09-24 18:10:50 [[32minfo[39m]: Listing all tickets
2024-09-24 18:11:51 [[32minfo[39m]: Listing all tickets
2024-09-24 18:11:51 [[32minfo[39m]: Listing all tickets
2024-09-24 18:11:51 [[32minfo[39m]: Listing all tickets
2024-09-24 18:11:56 [[32minfo[39m]: Listing all tickets
2024-09-24 18:11:56 [[32minfo[39m]: Listing all tickets
2024-09-24 18:11:56 [[32minfo[39m]: Listing all tickets
2024-09-24 18:12:13 [[32minfo[39m]: Listing all tickets
2024-09-24 18:12:13 [[32minfo[39m]: Listing all tickets
2024-09-24 18:12:13 [[32minfo[39m]: Listing all tickets
2024-09-24 18:12:24 [[32minfo[39m]: Listing all tickets
2024-09-24 18:12:24 [[32minfo[39m]: Listing all tickets
2024-09-24 18:12:24 [[32minfo[39m]: Listing all tickets
2024-09-24 18:14:32 [[32minfo[39m]: Listing all tickets
2024-09-24 18:14:32 [[32minfo[39m]: Listing all tickets
2024-09-24 18:16:18 [[32minfo[39m]: Listing all tickets
2024-09-24 18:16:18 [[32minfo[39m]: Listing all tickets
2024-09-24 18:17:09 [[32minfo[39m]: Listing all tickets
2024-09-24 18:17:09 [[32minfo[39m]: Listing all tickets
2024-09-24 18:17:09 [[32minfo[39m]: Listing all tickets
2024-09-24 18:17:19 [[32minfo[39m]: Listing all tickets
2024-09-24 18:17:19 [[32minfo[39m]: Listing all tickets
2024-09-24 18:17:19 [[32minfo[39m]: Listing all tickets
2024-09-24 18:21:35 [[32minfo[39m]: Listing all tickets
2024-09-24 18:21:35 [[32minfo[39m]: Listing all tickets
2024-09-24 18:21:35 [[32minfo[39m]: Listing all tickets
2024-09-24 18:22:17 [[32minfo[39m]: Listing all tickets
2024-09-24 18:22:17 [[32minfo[39m]: Listing all tickets
2024-09-24 18:23:23 [[32minfo[39m]: Listing all tickets
2024-09-24 18:23:23 [[32minfo[39m]: Listing all tickets
2024-09-24 18:24:52 [[32minfo[39m]: Listing all tickets
2024-09-24 18:24:52 [[32minfo[39m]: Listing all tickets
2024-09-24 18:24:52 [[32minfo[39m]: Listing all tickets
2024-09-24 18:24:58 [[32minfo[39m]: Listing all tickets
2024-09-24 18:24:58 [[32minfo[39m]: Listing all tickets
2024-09-24 18:24:58 [[32minfo[39m]: Listing all tickets
2024-09-24 18:25:13 [[32minfo[39m]: Listing all tickets
2024-09-24 18:25:14 [[32minfo[39m]: Listing all tickets
2024-09-24 18:25:14 [[32minfo[39m]: Listing all tickets
2024-09-24 18:25:20 [[32minfo[39m]: Listing all tickets
2024-09-24 18:25:21 [[32minfo[39m]: Listing all tickets
2024-09-24 18:25:21 [[32minfo[39m]: Listing all tickets
2024-09-24 18:28:13 [[32minfo[39m]: Listing all tickets
2024-09-24 18:28:13 [[32minfo[39m]: Listing all tickets
2024-09-24 18:28:13 [[32minfo[39m]: Listing all tickets
2024-09-24 18:34:13 [[32minfo[39m]: Listing all tickets
2024-09-24 18:34:13 [[32minfo[39m]: Listing all tickets
2024-09-24 18:34:14 [[32minfo[39m]: Listing all tickets
2024-09-24 18:34:14 [[32minfo[39m]: Listing all tickets
2024-09-24 18:34:14 [[32minfo[39m]: Listing all tickets
2024-09-24 18:34:14 [[32minfo[39m]: Listing all tickets
2024-09-24 18:40:29 [[32minfo[39m]: Listing all tickets
2024-09-24 18:40:29 [[32minfo[39m]: Listing all tickets
2024-09-24 18:43:29 [[32minfo[39m]: Listing all tickets
2024-09-24 18:43:29 [[32minfo[39m]: Listing all tickets
2024-09-24 18:43:59 [[32minfo[39m]: Listing all tickets
2024-09-24 18:43:59 [[32minfo[39m]: Listing all tickets
2024-09-24 19:04:43 [[32minfo[39m]: Listing all tickets
2024-09-24 19:04:43 [[32minfo[39m]: Listing all tickets
2024-09-24 19:12:05 [[32minfo[39m]: Listing all tickets
2024-09-24 19:12:05 [[32minfo[39m]: Listing all tickets
2024-09-24 19:19:17 [[32minfo[39m]: Listing all tickets
2024-09-24 19:19:17 [[32minfo[39m]: Listing all tickets
2024-09-24 19:23:22 [[32minfo[39m]: Listing all tickets
2024-09-24 19:23:22 [[32minfo[39m]: Listing all tickets
2024-09-24 19:38:09 [[32minfo[39m]: Listing all tickets
2024-09-24 19:38:09 [[32minfo[39m]: Listing all tickets
2024-09-24 19:38:25 [[32minfo[39m]: Listing all tickets
2024-09-24 19:38:25 [[32minfo[39m]: Listing all tickets
2024-09-26 16:50:57 [[32minfo[39m]: Listing all tickets
2024-09-26 16:50:57 [[32minfo[39m]: Listing all tickets
2024-09-26 16:51:07 [[32minfo[39m]: Listing all tickets
2024-09-26 16:51:07 [[32minfo[39m]: Listing all tickets
2024-09-26 16:52:47 [[32minfo[39m]: Listing all tickets
